# JRE version: Java(TM) SE Runtime Environment (21.0.9+7) (build 21.0.9+7-LTS-338)
# Java VM: Java HotSpot(TM) 64-Bit Server VM (21.0.9+7-LTS-338, mixed mode, sharing, tiered, compressed oops, compressed class ptrs, g1 gc, windows-amd64)
GC Precious Log:
 CardTable entry size: 512
 Card Set container configuration: InlinePtr #cards 4 size 8 Array Of Cards #cards 32 size 80 Howl #buckets 8 coarsen threshold 7372 Howl Bitmap #cards 1024 size 144 coarsen threshold 921 Card regions per heap region 1 cards per card region 8192
 CPUs: 12 total, 12 available
 Memory: 7913M
 Large Page Support: Disabled
 NUMA Support: Disabled
 Compressed Oops: Enabled (Zero based)
 Heap Region Size: 4M
 Heap Min Capacity: 8M
 Heap Initial Capacity: 124M
 Heap Max Capacity: 8G
 Pre-touch: Disabled
 Parallel Workers: 10
 Concurrent Workers: 3
 Concurrent Refinement Workers: 10
 Periodic GC: Disabled
Heap:
 garbage-first heap   total 245760K, used 147171K [0x0000000600000000, 0x0000000800000000)
  region size 4096K, 5 young (20480K), 3 survivors (12288K)
 Metaspace       used 107552K, committed 109952K, reserved 1179648K
  class space    used 14941K, committed 16128K, reserved 1048576K
GC Heap History (20 events):
Event: 15.180 GC heap before
{Heap before GC invocations=27 (full 0):
 garbage-first heap   total 204800K, used 171088K [0x0000000600000000, 0x0000000800000000)
  region size 4096K, 23 young (94208K), 3 survivors (12288K)
 Metaspace       used 81355K, committed 83456K, reserved 1179648K
  class space    used 11310K, committed 12352K, reserved 1048576K
}
Event: 15.187 GC heap after
{Heap after GC invocations=28 (full 0):
 garbage-first heap   total 204800K, used 104907K [0x0000000600000000, 0x0000000800000000)
  region size 4096K, 3 young (12288K), 3 survivors (12288K)
 Metaspace       used 81355K, committed 83456K, reserved 1179648K
  class space    used 11310K, committed 12352K, reserved 1048576K
}
Event: 15.932 GC heap before
{Heap before GC invocations=28 (full 0):
 garbage-first heap   total 204800K, used 166347K [0x0000000600000000, 0x0000000800000000)
  region size 4096K, 19 young (77824K), 3 survivors (12288K)
 Metaspace       used 85920K, committed 88064K, reserved 1179648K
  class space    used 11867K, committed 12928K, reserved 1048576K
}
Event: 15.938 GC heap after
{Heap after GC invocations=29 (full 0):
 garbage-first heap   total 204800K, used 113277K [0x0000000600000000, 0x0000000800000000)
  region size 4096K, 2 young (8192K), 2 survivors (8192K)
 Metaspace       used 85920K, committed 88064K, reserved 1179648K
  class space    used 11867K, committed 12928K, reserved 1048576K
}
Event: 16.777 GC heap before
{Heap before GC invocations=29 (full 0):
 garbage-first heap   total 204800K, used 178813K [0x0000000600000000, 0x0000000800000000)
  region size 4096K, 18 young (73728K), 2 survivors (8192K)
 Metaspace       used 90929K, committed 93120K, reserved 1179648K
  class space    used 12529K, committed 13632K, reserved 1048576K
}
Event: 16.781 GC heap after
{Heap after GC invocations=30 (full 0):
 garbage-first heap   total 204800K, used 115980K [0x0000000600000000, 0x0000000800000000)
  region size 4096K, 1 young (4096K), 1 survivors (4096K)
 Metaspace       used 90929K, committed 93120K, reserved 1179648K
  class space    used 12529K, committed 13632K, reserved 1048576K
}
Event: 17.422 GC heap before
{Heap before GC invocations=31 (full 0):
 garbage-first heap   total 204800K, used 181516K [0x0000000600000000, 0x0000000800000000)
  region size 4096K, 17 young (69632K), 1 survivors (4096K)
 Metaspace       used 93153K, committed 95360K, reserved 1179648K
  class space    used 12833K, committed 13952K, reserved 1048576K
}
Event: 17.426 GC heap after
{Heap after GC invocations=32 (full 0):
 garbage-first heap   total 204800K, used 121395K [0x0000000600000000, 0x0000000800000000)
  region size 4096K, 2 young (8192K), 2 survivors (8192K)
 Metaspace       used 93153K, committed 95360K, reserved 1179648K
  class space    used 12833K, committed 13952K, reserved 1048576K
}
Event: 18.135 GC heap before
{Heap before GC invocations=32 (full 0):
 garbage-first heap   total 204800K, used 182835K [0x0000000600000000, 0x0000000800000000)
  region size 4096K, 17 young (69632K), 2 survivors (8192K)
 Metaspace       used 97654K, committed 99904K, reserved 1179648K
  class space    used 13518K, committed 14656K, reserved 1048576K
}
Event: 18.141 GC heap after
{Heap after GC invocations=33 (full 0):
 garbage-first heap   total 204800K, used 122191K [0x0000000600000000, 0x0000000800000000)
  region size 4096K, 2 young (8192K), 2 survivors (8192K)
 Metaspace       used 97654K, committed 99904K, reserved 1179648K
  class space    used 13518K, committed 14656K, reserved 1048576K
}
Event: 19.002 GC heap before
{Heap before GC invocations=33 (full 0):
 garbage-first heap   total 204800K, used 183631K [0x0000000600000000, 0x0000000800000000)
  region size 4096K, 17 young (69632K), 2 survivors (8192K)
 Metaspace       used 101807K, committed 104064K, reserved 1179648K
  class space    used 14139K, committed 15296K, reserved 1048576K
}
Event: 19.010 GC heap after
{Heap after GC invocations=34 (full 0):
 garbage-first heap   total 204800K, used 124463K [0x0000000600000000, 0x0000000800000000)
  region size 4096K, 2 young (8192K), 2 survivors (8192K)
 Metaspace       used 101807K, committed 104064K, reserved 1179648K
  class space    used 14139K, committed 15296K, reserved 1048576K
}
Event: 19.892 GC heap before
{Heap before GC invocations=35 (full 0):
 garbage-first heap   total 233472K, used 173615K [0x0000000600000000, 0x0000000800000000)
  region size 4096K, 14 young (57344K), 2 survivors (8192K)
 Metaspace       used 104474K, committed 106816K, reserved 1179648K
  class space    used 14552K, committed 15744K, reserved 1048576K
}
Event: 19.898 GC heap after
{Heap after GC invocations=36 (full 0):
 garbage-first heap   total 233472K, used 126910K [0x0000000600000000, 0x0000000800000000)
  region size 4096K, 2 young (8192K), 2 survivors (8192K)
 Metaspace       used 104474K, committed 106816K, reserved 1179648K
  class space    used 14552K, committed 15744K, reserved 1048576K
}
Event: 20.573 GC heap before
{Heap before GC invocations=36 (full 0):
 garbage-first heap   total 233472K, used 204734K [0x0000000600000000, 0x0000000800000000)
  region size 4096K, 21 young (86016K), 2 survivors (8192K)
 Metaspace       used 104967K, committed 107392K, reserved 1179648K
  class space    used 14587K, committed 15808K, reserved 1048576K
}
Event: 20.585 GC heap after
{Heap after GC invocations=37 (full 0):
 garbage-first heap   total 233472K, used 129443K [0x0000000600000000, 0x0000000800000000)
  region size 4096K, 3 young (12288K), 3 survivors (12288K)
 Metaspace       used 104967K, committed 107392K, reserved 1179648K
  class space    used 14587K, committed 15808K, reserved 1048576K
}
Event: 21.212 GC heap before
{Heap before GC invocations=37 (full 0):
 garbage-first heap   total 233472K, used 199075K [0x0000000600000000, 0x0000000800000000)
  region size 4096K, 21 young (86016K), 3 survivors (12288K)
 Metaspace       used 104969K, committed 107392K, reserved 1179648K
  class space    used 14588K, committed 15808K, reserved 1048576K
}
Event: 21.223 GC heap after
{Heap after GC invocations=38 (full 0):
 garbage-first heap   total 233472K, used 131577K [0x0000000600000000, 0x0000000800000000)
  region size 4096K, 3 young (12288K), 3 survivors (12288K)
 Metaspace       used 104969K, committed 107392K, reserved 1179648K
  class space    used 14588K, committed 15808K, reserved 1048576K
}
Event: 22.303 GC heap before
{Heap before GC invocations=39 (full 0):
 garbage-first heap   total 245760K, used 197113K [0x0000000600000000, 0x0000000800000000)
  region size 4096K, 20 young (81920K), 3 survivors (12288K)
 Metaspace       used 107505K, committed 109888K, reserved 1179648K
  class space    used 14941K, committed 16128K, reserved 1048576K
}
Event: 22.315 GC heap after
{Heap after GC invocations=40 (full 0):
 garbage-first heap   total 245760K, used 143075K [0x0000000600000000, 0x0000000800000000)
  region size 4096K, 3 young (12288K), 3 survivors (12288K)
 Metaspace       used 107505K, committed 109888K, reserved 1179648K
  class space    used 14941K, committed 16128K, reserved 1048576K
}

