# JRE version: OpenJDK Runtime Environment Temurin-21.0.9+10 (21.0.9+10) (build 21.0.9+10-LTS)
# Java VM: OpenJDK 64-Bit Server VM Temurin-21.0.9+10 (21.0.9+10-LTS, mixed mode, sharing, tiered, compressed oops, compressed class ptrs, parallel gc, windows-amd64)
GC Precious Log:
 CardTable entry size: 512
 CPUs: 12 total, 12 available
 Memory: 7913M
 Large Page Support: Disabled
 NUMA Support: Disabled
 Compressed Oops: Enabled (32-bit)
 Alignments: Space 512K, Generation 512K, Heap 2M
 Heap Min Capacity: 100M
 Heap Initial Capacity: 100M
 Heap Max Capacity: 2G
 Pre-touch: Disabled
 Parallel Workers: 10
Heap:
 PSYoungGen      total 10752K, used 10739K [0x00000000d5580000, 0x00000000d7080000, 0x0000000100000000)
  eden space 9216K, 99% used [0x00000000d5580000,0x00000000d5e7fff8,0x00000000d5e80000)
  from space 1536K, 99% used [0x00000000d6000000,0x00000000d617cf50,0x00000000d6180000)
  to   space 9216K, 0% used [0x00000000d6780000,0x00000000d6780000,0x00000000d7080000)
 ParOldGen       total 814592K, used 813797K [0x0000000080000000, 0x00000000b1b80000, 0x00000000d5580000)
  object space 814592K, 99% used [0x0000000080000000,0x00000000b1ab9688,0x00000000b1b80000)
 Metaspace       used 103565K, committed 105280K, reserved 1179648K
  class space    used 11461K, committed 12288K, reserved 1048576K
GC Heap History (20 events):
Event: 19809.207 GC heap before
{Heap before GC invocations=2208 (full 7):
 PSYoungGen      total 5632K, used 5568K [0x00000000d5580000, 0x00000000d5e80000, 0x0000000100000000)
  eden space 4096K, 100% used [0x00000000d5580000,0x00000000d5980000,0x00000000d5980000)
  from space 1536K, 95% used [0x00000000d5b00000,0x00000000d5c70010,0x00000000d5c80000)
  to   space 2048K, 0% used [0x00000000d5c80000,0x00000000d5c80000,0x00000000d5e80000)
 ParOldGen       total 781312K, used 781167K [0x0000000080000000, 0x00000000afb00000, 0x00000000d5580000)
  object space 781312K, 99% used [0x0000000080000000,0x00000000afadbf08,0x00000000afb00000)
 Metaspace       used 103550K, committed 105280K, reserved 1179648K
  class space    used 11461K, committed 12288K, reserved 1048576K
}
Event: 19809.210 GC heap after
{Heap after GC invocations=2208 (full 7):
 PSYoungGen      total 6656K, used 1152K [0x00000000d5580000, 0x00000000d5e00000, 0x0000000100000000)
  eden space 5120K, 0% used [0x00000000d5580000,0x00000000d5580000,0x00000000d5a80000)
  from space 1536K, 75% used [0x00000000d5c80000,0x00000000d5da0000,0x00000000d5e00000)
  to   space 1536K, 0% used [0x00000000d5b00000,0x00000000d5b00000,0x00000000d5c80000)
 ParOldGen       total 782848K, used 782399K [0x0000000080000000, 0x00000000afc80000, 0x00000000d5580000)
  object space 782848K, 99% used [0x0000000080000000,0x00000000afc0ff18,0x00000000afc80000)
 Metaspace       used 103550K, committed 105280K, reserved 1179648K
  class space    used 11461K, committed 12288K, reserved 1048576K
}
Event: 19809.224 GC heap before
{Heap before GC invocations=2209 (full 7):
 PSYoungGen      total 6656K, used 6272K [0x00000000d5580000, 0x00000000d5e00000, 0x0000000100000000)
  eden space 5120K, 100% used [0x00000000d5580000,0x00000000d5a80000,0x00000000d5a80000)
  from space 1536K, 75% used [0x00000000d5c80000,0x00000000d5da0000,0x00000000d5e00000)
  to   space 1536K, 0% used [0x00000000d5b00000,0x00000000d5b00000,0x00000000d5c80000)
 ParOldGen       total 782848K, used 782399K [0x0000000080000000, 0x00000000afc80000, 0x00000000d5580000)
  object space 782848K, 99% used [0x0000000080000000,0x00000000afc0ff18,0x00000000afc80000)
 Metaspace       used 103552K, committed 105280K, reserved 1179648K
  class space    used 11461K, committed 12288K, reserved 1048576K
}
Event: 19810.227 GC heap after
{Heap after GC invocations=2209 (full 7):
 PSYoungGen      total 7168K, used 1524K [0x00000000d5580000, 0x00000000d6280000, 0x0000000100000000)
  eden space 5632K, 0% used [0x00000000d5580000,0x00000000d5580000,0x00000000d5b00000)
  from space 1536K, 99% used [0x00000000d5b00000,0x00000000d5c7d200,0x00000000d5c80000)
  to   space 3584K, 0% used [0x00000000d5f00000,0x00000000d5f00000,0x00000000d6280000)
 ParOldGen       total 783872K, used 783735K [0x0000000080000000, 0x00000000afd80000, 0x00000000d5580000)
  object space 783872K, 99% used [0x0000000080000000,0x00000000afd5df28,0x00000000afd80000)
 Metaspace       used 103552K, committed 105280K, reserved 1179648K
  class space    used 11461K, committed 12288K, reserved 1048576K
}
Event: 19810.304 GC heap before
{Heap before GC invocations=2210 (full 7):
 PSYoungGen      total 7168K, used 7156K [0x00000000d5580000, 0x00000000d6280000, 0x0000000100000000)
  eden space 5632K, 100% used [0x00000000d5580000,0x00000000d5b00000,0x00000000d5b00000)
  from space 1536K, 99% used [0x00000000d5b00000,0x00000000d5c7d200,0x00000000d5c80000)
  to   space 3584K, 0% used [0x00000000d5f00000,0x00000000d5f00000,0x00000000d6280000)
 ParOldGen       total 783872K, used 783735K [0x0000000080000000, 0x00000000afd80000, 0x00000000d5580000)
  object space 783872K, 99% used [0x0000000080000000,0x00000000afd5df28,0x00000000afd80000)
 Metaspace       used 103559K, committed 105280K, reserved 1179648K
  class space    used 11461K, committed 12288K, reserved 1048576K
}
Event: 19810.309 GC heap after
{Heap after GC invocations=2210 (full 7):
 PSYoungGen      total 9728K, used 3328K [0x00000000d5580000, 0x00000000d6380000, 0x0000000100000000)
  eden space 6144K, 0% used [0x00000000d5580000,0x00000000d5580000,0x00000000d5b80000)
  from space 3584K, 92% used [0x00000000d5f00000,0x00000000d6240000,0x00000000d6280000)
  to   space 3584K, 0% used [0x00000000d5b80000,0x00000000d5b80000,0x00000000d5f00000)
 ParOldGen       total 784384K, used 784372K [0x0000000080000000, 0x00000000afe00000, 0x00000000d5580000)
  object space 784384K, 99% used [0x0000000080000000,0x00000000afdfd128,0x00000000afe00000)
 Metaspace       used 103559K, committed 105280K, reserved 1179648K
  class space    used 11461K, committed 12288K, reserved 1048576K
}
Event: 19810.323 GC heap before
{Heap before GC invocations=2211 (full 7):
 PSYoungGen      total 9728K, used 9438K [0x00000000d5580000, 0x00000000d6380000, 0x0000000100000000)
  eden space 6144K, 99% used [0x00000000d5580000,0x00000000d5b77ae8,0x00000000d5b80000)
  from space 3584K, 92% used [0x00000000d5f00000,0x00000000d6240000,0x00000000d6280000)
  to   space 3584K, 0% used [0x00000000d5b80000,0x00000000d5b80000,0x00000000d5f00000)
 ParOldGen       total 784384K, used 784372K [0x0000000080000000, 0x00000000afe00000, 0x00000000d5580000)
  object space 784384K, 99% used [0x0000000080000000,0x00000000afdfd128,0x00000000afe00000)
 Metaspace       used 103562K, committed 105280K, reserved 1179648K
  class space    used 11461K, committed 12288K, reserved 1048576K
}
Event: 19810.328 GC heap after
{Heap after GC invocations=2211 (full 7):
 PSYoungGen      total 9728K, used 3562K [0x00000000d5580000, 0x00000000d6d00000, 0x0000000100000000)
  eden space 6144K, 0% used [0x00000000d5580000,0x00000000d5580000,0x00000000d5b80000)
  from space 3584K, 99% used [0x00000000d5b80000,0x00000000d5efabb8,0x00000000d5f00000)
  to   space 8192K, 0% used [0x00000000d6500000,0x00000000d6500000,0x00000000d6d00000)
 ParOldGen       total 787968K, used 787955K [0x0000000080000000, 0x00000000b0180000, 0x00000000d5580000)
  object space 787968K, 99% used [0x0000000080000000,0x00000000b017cce0,0x00000000b0180000)
 Metaspace       used 103562K, committed 105280K, reserved 1179648K
  class space    used 11461K, committed 12288K, reserved 1048576K
}
Event: 19810.351 GC heap before
{Heap before GC invocations=2212 (full 7):
 PSYoungGen      total 9728K, used 9619K [0x00000000d5580000, 0x00000000d6d00000, 0x0000000100000000)
  eden space 6144K, 98% used [0x00000000d5580000,0x00000000d5b6a2e0,0x00000000d5b80000)
  from space 3584K, 99% used [0x00000000d5b80000,0x00000000d5efabb8,0x00000000d5f00000)
  to   space 8192K, 0% used [0x00000000d6500000,0x00000000d6500000,0x00000000d6d00000)
 ParOldGen       total 787968K, used 787955K [0x0000000080000000, 0x00000000b0180000, 0x00000000d5580000)
  object space 787968K, 99% used [0x0000000080000000,0x00000000b017cce0,0x00000000b0180000)
 Metaspace       used 103562K, committed 105280K, reserved 1179648K
  class space    used 11461K, committed 12288K, reserved 1048576K
}
Event: 19810.354 GC heap after
{Heap after GC invocations=2212 (full 7):
 PSYoungGen      total 13312K, used 5126K [0x00000000d5580000, 0x00000000d6a80000, 0x0000000100000000)
  eden space 7680K, 0% used [0x00000000d5580000,0x00000000d5580000,0x00000000d5d00000)
  from space 5632K, 91% used [0x00000000d6500000,0x00000000d6a01bb8,0x00000000d6a80000)
  to   space 6144K, 0% used [0x00000000d5e80000,0x00000000d5e80000,0x00000000d6480000)
 ParOldGen       total 791552K, used 791497K [0x0000000080000000, 0x00000000b0500000, 0x00000000d5580000)
  object space 791552K, 99% used [0x0000000080000000,0x00000000b04f2720,0x00000000b0500000)
 Metaspace       used 103562K, committed 105280K, reserved 1179648K
  class space    used 11461K, committed 12288K, reserved 1048576K
}
Event: 19810.375 GC heap before
{Heap before GC invocations=2213 (full 7):
 PSYoungGen      total 13312K, used 12806K [0x00000000d5580000, 0x00000000d6a80000, 0x0000000100000000)
  eden space 7680K, 100% used [0x00000000d5580000,0x00000000d5d00000,0x00000000d5d00000)
  from space 5632K, 91% used [0x00000000d6500000,0x00000000d6a01bb8,0x00000000d6a80000)
  to   space 6144K, 0% used [0x00000000d5e80000,0x00000000d5e80000,0x00000000d6480000)
 ParOldGen       total 791552K, used 791497K [0x0000000080000000, 0x00000000b0500000, 0x00000000d5580000)
  object space 791552K, 99% used [0x0000000080000000,0x00000000b04f2720,0x00000000b0500000)
 Metaspace       used 103562K, committed 105280K, reserved 1179648K
  class space    used 11461K, committed 12288K, reserved 1048576K
}
Event: 19810.381 GC heap after
{Heap after GC invocations=2213 (full 7):
 PSYoungGen      total 12288K, used 3040K [0x00000000d5580000, 0x00000000d6680000, 0x0000000100000000)
  eden space 9216K, 0% used [0x00000000d5580000,0x00000000d5580000,0x00000000d5e80000)
  from space 3072K, 98% used [0x00000000d5e80000,0x00000000d61783a0,0x00000000d6180000)
  to   space 4096K, 0% used [0x00000000d6280000,0x00000000d6280000,0x00000000d6680000)
 ParOldGen       total 796672K, used 796427K [0x0000000080000000, 0x00000000b0a00000, 0x00000000d5580000)
  object space 796672K, 99% used [0x0000000080000000,0x00000000b09c2de0,0x00000000b0a00000)
 Metaspace       used 103562K, committed 105280K, reserved 1179648K
  class space    used 11461K, committed 12288K, reserved 1048576K
}
Event: 19810.402 GC heap before
{Heap before GC invocations=2214 (full 7):
 PSYoungGen      total 12288K, used 12256K [0x00000000d5580000, 0x00000000d6680000, 0x0000000100000000)
  eden space 9216K, 100% used [0x00000000d5580000,0x00000000d5e80000,0x00000000d5e80000)
  from space 3072K, 98% used [0x00000000d5e80000,0x00000000d61783a0,0x00000000d6180000)
  to   space 4096K, 0% used [0x00000000d6280000,0x00000000d6280000,0x00000000d6680000)
 ParOldGen       total 796672K, used 796427K [0x0000000080000000, 0x00000000b0a00000, 0x00000000d5580000)
  object space 796672K, 99% used [0x0000000080000000,0x00000000b09c2de0,0x00000000b0a00000)
 Metaspace       used 103563K, committed 105280K, reserved 1179648K
  class space    used 11461K, committed 12288K, reserved 1048576K
}
Event: 19810.405 GC heap after
{Heap after GC invocations=2214 (full 7):
 PSYoungGen      total 10752K, used 1056K [0x00000000d5580000, 0x00000000d6400000, 0x0000000100000000)
  eden space 9216K, 0% used [0x00000000d5580000,0x00000000d5580000,0x00000000d5e80000)
  from space 1536K, 68% used [0x00000000d6280000,0x00000000d6388020,0x00000000d6400000)
  to   space 2048K, 0% used [0x00000000d6000000,0x00000000d6000000,0x00000000d6200000)
 ParOldGen       total 798720K, used 798611K [0x0000000080000000, 0x00000000b0c00000, 0x00000000d5580000)
  object space 798720K, 99% used [0x0000000080000000,0x00000000b0be4dd8,0x00000000b0c00000)
 Metaspace       used 103563K, committed 105280K, reserved 1179648K
  class space    used 11461K, committed 12288K, reserved 1048576K
}
Event: 19810.514 GC heap before
{Heap before GC invocations=2215 (full 7):
 PSYoungGen      total 10752K, used 10272K [0x00000000d5580000, 0x00000000d6400000, 0x0000000100000000)
  eden space 9216K, 100% used [0x00000000d5580000,0x00000000d5e80000,0x00000000d5e80000)
  from space 1536K, 68% used [0x00000000d6280000,0x00000000d6388020,0x00000000d6400000)
  to   space 2048K, 0% used [0x00000000d6000000,0x00000000d6000000,0x00000000d6200000)
 ParOldGen       total 798720K, used 798611K [0x0000000080000000, 0x00000000b0c00000, 0x00000000d5580000)
  object space 798720K, 99% used [0x0000000080000000,0x00000000b0be4dd8,0x00000000b0c00000)
 Metaspace       used 103563K, committed 105280K, reserved 1179648K
  class space    used 11461K, committed 12288K, reserved 1048576K
}
Event: 19810.516 GC heap after
{Heap after GC invocations=2215 (full 7):
 PSYoungGen      total 11264K, used 425K [0x00000000d5580000, 0x00000000d6300000, 0x0000000100000000)
  eden space 9216K, 0% used [0x00000000d5580000,0x00000000d5580000,0x00000000d5e80000)
  from space 2048K, 20% used [0x00000000d6000000,0x00000000d606a400,0x00000000d6200000)
  to   space 1024K, 0% used [0x00000000d6200000,0x00000000d6200000,0x00000000d6300000)
 ParOldGen       total 799744K, used 799486K [0x0000000080000000, 0x00000000b0d00000, 0x00000000d5580000)
  object space 799744K, 99% used [0x0000000080000000,0x00000000b0cbf898,0x00000000b0d00000)
 Metaspace       used 103563K, committed 105280K, reserved 1179648K
  class space    used 11461K, committed 12288K, reserved 1048576K
}
Event: 19810.616 GC heap before
{Heap before GC invocations=2216 (full 7):
 PSYoungGen      total 11264K, used 9613K [0x00000000d5580000, 0x00000000d6300000, 0x0000000100000000)
  eden space 9216K, 99% used [0x00000000d5580000,0x00000000d5e791a8,0x00000000d5e80000)
  from space 2048K, 20% used [0x00000000d6000000,0x00000000d606a400,0x00000000d6200000)
  to   space 1024K, 0% used [0x00000000d6200000,0x00000000d6200000,0x00000000d6300000)
 ParOldGen       total 799744K, used 799486K [0x0000000080000000, 0x00000000b0d00000, 0x00000000d5580000)
  object space 799744K, 99% used [0x0000000080000000,0x00000000b0cbf898,0x00000000b0d00000)
 Metaspace       used 103565K, committed 105280K, reserved 1179648K
  class space    used 11461K, committed 12288K, reserved 1048576K
}
Event: 19810.618 GC heap after
{Heap after GC invocations=2216 (full 7):
 PSYoungGen      total 10240K, used 1024K [0x00000000d5580000, 0x00000000d6300000, 0x0000000100000000)
  eden space 9216K, 0% used [0x00000000d5580000,0x00000000d5580000,0x00000000d5e80000)
  from space 1024K, 100% used [0x00000000d6200000,0x00000000d6300000,0x00000000d6300000)
  to   space 1536K, 0% used [0x00000000d6000000,0x00000000d6000000,0x00000000d6180000)
 ParOldGen       total 800256K, used 799799K [0x0000000080000000, 0x00000000b0d80000, 0x00000000d5580000)
  object space 800256K, 99% used [0x0000000080000000,0x00000000b0d0dcb8,0x00000000b0d80000)
 Metaspace       used 103565K, committed 105280K, reserved 1179648K
  class space    used 11461K, committed 12288K, reserved 1048576K
}
Event: 19810.656 GC heap before
{Heap before GC invocations=2217 (full 7):
 PSYoungGen      total 10240K, used 10231K [0x00000000d5580000, 0x00000000d6300000, 0x0000000100000000)
  eden space 9216K, 99% used [0x00000000d5580000,0x00000000d5e7de70,0x00000000d5e80000)
  from space 1024K, 100% used [0x00000000d6200000,0x00000000d6300000,0x00000000d6300000)
  to   space 1536K, 0% used [0x00000000d6000000,0x00000000d6000000,0x00000000d6180000)
 ParOldGen       total 800256K, used 799799K [0x0000000080000000, 0x00000000b0d80000, 0x00000000d5580000)
  object space 800256K, 99% used [0x0000000080000000,0x00000000b0d0dcb8,0x00000000b0d80000)
 Metaspace       used 103565K, committed 105280K, reserved 1179648K
  class space    used 11461K, committed 12288K, reserved 1048576K
}
Event: 19810.660 GC heap after
{Heap after GC invocations=2217 (full 7):
 PSYoungGen      total 10752K, used 1523K [0x00000000d5580000, 0x00000000d7080000, 0x0000000100000000)
  eden space 9216K, 0% used [0x00000000d5580000,0x00000000d5580000,0x00000000d5e80000)
  from space 1536K, 99% used [0x00000000d6000000,0x00000000d617cf50,0x00000000d6180000)
  to   space 9216K, 0% used [0x00000000d6780000,0x00000000d6780000,0x00000000d7080000)
 ParOldGen       total 806400K, used 806117K [0x0000000080000000, 0x00000000b1380000, 0x00000000d5580000)
  object space 806400K, 99% used [0x0000000080000000,0x00000000b1339678,0x00000000b1380000)
 Metaspace       used 103565K, committed 105280K, reserved 1179648K
  class space    used 11461K, committed 12288K, reserved 1048576K
}

