# JRE version: OpenJDK Runtime Environment Temurin-21.0.10+7 (21.0.10+7) (build 21.0.10+7-LTS)
# Java VM: OpenJDK 64-Bit Server VM Temurin-21.0.10+7 (21.0.10+7-LTS, mixed mode, sharing, tiered, compressed oops, compressed class ptrs, parallel gc, windows-amd64)
GC Precious Log:
 CardTable entry size: 512
 CPUs: 12 total, 12 available
 Memory: 7913M
 Large Page Support: Disabled
 NUMA Support: Disabled
 Compressed Oops: Enabled (32-bit)
 Alignments: Space 512K, Generation 512K, Heap 2M
 Heap Min Capacity: 100M
 Heap Initial Capacity: 100M
 Heap Max Capacity: 2G
 Pre-touch: Disabled
 Parallel Workers: 10
Heap:
 PSYoungGen      total 19968K, used 16366K [0x00000000d5580000, 0x00000000d7400000, 0x0000000100000000)
  eden space 18944K, 82% used [0x00000000d5580000,0x00000000d64c3a78,0x00000000d6800000)
  from space 1024K, 71% used [0x00000000d7300000,0x00000000d73b8000,0x00000000d7400000)
  to   space 1024K, 0% used [0x00000000d7200000,0x00000000d7200000,0x00000000d7300000)
 ParOldGen       total 68608K, used 57104K [0x0000000080000000, 0x0000000084300000, 0x00000000d5580000)
  object space 68608K, 83% used [0x0000000080000000,0x00000000837c41e0,0x0000000084300000)
 Metaspace       used 57550K, committed 59008K, reserved 1114112K
  class space    used 6850K, committed 7488K, reserved 1048576K
GC Heap History (20 events):
Event: 26.021 GC heap before
{Heap before GC invocations=23 (full 2):
 PSYoungGen      total 20480K, used 20411K [0x00000000d5580000, 0x00000000d7780000, 0x0000000100000000)
  eden space 18944K, 100% used [0x00000000d5580000,0x00000000d6800000,0x00000000d6800000)
  from space 1536K, 95% used [0x00000000d7600000,0x00000000d776eea8,0x00000000d7780000)
  to   space 5632K, 0% used [0x00000000d6c80000,0x00000000d6c80000,0x00000000d7200000)
 ParOldGen       total 68608K, used 40345K [0x0000000080000000, 0x0000000084300000, 0x00000000d5580000)
  object space 68608K, 58% used [0x0000000080000000,0x00000000827665d8,0x0000000084300000)
 Metaspace       used 47207K, committed 48448K, reserved 1114112K
  class space    used 5140K, committed 5696K, reserved 1048576K
}
Event: 26.022 GC heap after
{Heap after GC invocations=23 (full 2):
 PSYoungGen      total 24576K, used 288K [0x00000000d5580000, 0x00000000d7680000, 0x0000000100000000)
  eden space 18944K, 0% used [0x00000000d5580000,0x00000000d5580000,0x00000000d6800000)
  from space 5632K, 5% used [0x00000000d6c80000,0x00000000d6cc8000,0x00000000d7200000)
  to   space 1536K, 0% used [0x00000000d7500000,0x00000000d7500000,0x00000000d7680000)
 ParOldGen       total 68608K, used 41593K [0x0000000080000000, 0x0000000084300000, 0x00000000d5580000)
  object space 68608K, 60% used [0x0000000080000000,0x000000008289e6c0,0x0000000084300000)
 Metaspace       used 47207K, committed 48448K, reserved 1114112K
  class space    used 5140K, committed 5696K, reserved 1048576K
}
Event: 26.248 GC heap before
{Heap before GC invocations=24 (full 2):
 PSYoungGen      total 24576K, used 19232K [0x00000000d5580000, 0x00000000d7680000, 0x0000000100000000)
  eden space 18944K, 100% used [0x00000000d5580000,0x00000000d6800000,0x00000000d6800000)
  from space 5632K, 5% used [0x00000000d6c80000,0x00000000d6cc8000,0x00000000d7200000)
  to   space 1536K, 0% used [0x00000000d7500000,0x00000000d7500000,0x00000000d7680000)
 ParOldGen       total 68608K, used 41593K [0x0000000080000000, 0x0000000084300000, 0x00000000d5580000)
  object space 68608K, 60% used [0x0000000080000000,0x000000008289e6c0,0x0000000084300000)
 Metaspace       used 48087K, committed 49344K, reserved 1114112K
  class space    used 5288K, committed 5824K, reserved 1048576K
}
Event: 26.248 GC heap after
{Heap after GC invocations=24 (full 2):
 PSYoungGen      total 19456K, used 352K [0x00000000d5580000, 0x00000000d7580000, 0x0000000100000000)
  eden space 18944K, 0% used [0x00000000d5580000,0x00000000d5580000,0x00000000d6800000)
  from space 512K, 68% used [0x00000000d7500000,0x00000000d7558000,0x00000000d7580000)
  to   space 512K, 0% used [0x00000000d7480000,0x00000000d7480000,0x00000000d7500000)
 ParOldGen       total 68608K, used 41657K [0x0000000080000000, 0x0000000084300000, 0x00000000d5580000)
  object space 68608K, 60% used [0x0000000080000000,0x00000000828ae6c0,0x0000000084300000)
 Metaspace       used 48087K, committed 49344K, reserved 1114112K
  class space    used 5288K, committed 5824K, reserved 1048576K
}
Event: 26.574 GC heap before
{Heap before GC invocations=25 (full 2):
 PSYoungGen      total 19456K, used 19296K [0x00000000d5580000, 0x00000000d7580000, 0x0000000100000000)
  eden space 18944K, 100% used [0x00000000d5580000,0x00000000d6800000,0x00000000d6800000)
  from space 512K, 68% used [0x00000000d7500000,0x00000000d7558000,0x00000000d7580000)
  to   space 512K, 0% used [0x00000000d7480000,0x00000000d7480000,0x00000000d7500000)
 ParOldGen       total 68608K, used 41657K [0x0000000080000000, 0x0000000084300000, 0x00000000d5580000)
  object space 68608K, 60% used [0x0000000080000000,0x00000000828ae6c0,0x0000000084300000)
 Metaspace       used 49109K, committed 50368K, reserved 1114112K
  class space    used 5456K, committed 6016K, reserved 1048576K
}
Event: 26.577 GC heap after
{Heap after GC invocations=25 (full 2):
 PSYoungGen      total 19456K, used 481K [0x00000000d5580000, 0x00000000d7c00000, 0x0000000100000000)
  eden space 18944K, 0% used [0x00000000d5580000,0x00000000d5580000,0x00000000d6800000)
  from space 512K, 94% used [0x00000000d7480000,0x00000000d74f8770,0x00000000d7500000)
  to   space 7168K, 0% used [0x00000000d7500000,0x00000000d7500000,0x00000000d7c00000)
 ParOldGen       total 68608K, used 49589K [0x0000000080000000, 0x0000000084300000, 0x00000000d5580000)
  object space 68608K, 72% used [0x0000000080000000,0x000000008306d558,0x0000000084300000)
 Metaspace       used 49109K, committed 50368K, reserved 1114112K
  class space    used 5456K, committed 6016K, reserved 1048576K
}
Event: 26.845 GC heap before
{Heap before GC invocations=26 (full 2):
 PSYoungGen      total 19456K, used 19425K [0x00000000d5580000, 0x00000000d7c00000, 0x0000000100000000)
  eden space 18944K, 100% used [0x00000000d5580000,0x00000000d6800000,0x00000000d6800000)
  from space 512K, 94% used [0x00000000d7480000,0x00000000d74f8770,0x00000000d7500000)
  to   space 7168K, 0% used [0x00000000d7500000,0x00000000d7500000,0x00000000d7c00000)
 ParOldGen       total 68608K, used 49589K [0x0000000080000000, 0x0000000084300000, 0x00000000d5580000)
  object space 68608K, 72% used [0x0000000080000000,0x000000008306d558,0x0000000084300000)
 Metaspace       used 50774K, committed 52032K, reserved 1114112K
  class space    used 5764K, committed 6336K, reserved 1048576K
}
Event: 26.847 GC heap after
{Heap after GC invocations=26 (full 2):
 PSYoungGen      total 19968K, used 935K [0x00000000d5580000, 0x00000000d7600000, 0x0000000100000000)
  eden space 18944K, 0% used [0x00000000d5580000,0x00000000d5580000,0x00000000d6800000)
  from space 1024K, 91% used [0x00000000d7500000,0x00000000d75e9c98,0x00000000d7600000)
  to   space 4096K, 0% used [0x00000000d6e00000,0x00000000d6e00000,0x00000000d7200000)
 ParOldGen       total 68608K, used 50055K [0x0000000080000000, 0x0000000084300000, 0x00000000d5580000)
  object space 68608K, 72% used [0x0000000080000000,0x00000000830e1f68,0x0000000084300000)
 Metaspace       used 50774K, committed 52032K, reserved 1114112K
  class space    used 5764K, committed 6336K, reserved 1048576K
}
Event: 27.023 GC heap before
{Heap before GC invocations=27 (full 2):
 PSYoungGen      total 19968K, used 19879K [0x00000000d5580000, 0x00000000d7600000, 0x0000000100000000)
  eden space 18944K, 100% used [0x00000000d5580000,0x00000000d6800000,0x00000000d6800000)
  from space 1024K, 91% used [0x00000000d7500000,0x00000000d75e9c98,0x00000000d7600000)
  to   space 4096K, 0% used [0x00000000d6e00000,0x00000000d6e00000,0x00000000d7200000)
 ParOldGen       total 68608K, used 50055K [0x0000000080000000, 0x0000000084300000, 0x00000000d5580000)
  object space 68608K, 72% used [0x0000000080000000,0x00000000830e1f68,0x0000000084300000)
 Metaspace       used 51285K, committed 52608K, reserved 1114112K
  class space    used 5829K, committed 6400K, reserved 1048576K
}
Event: 27.025 GC heap after
{Heap after GC invocations=27 (full 2):
 PSYoungGen      total 23040K, used 512K [0x00000000d5580000, 0x00000000d7580000, 0x0000000100000000)
  eden space 18944K, 0% used [0x00000000d5580000,0x00000000d5580000,0x00000000d6800000)
  from space 4096K, 12% used [0x00000000d6e00000,0x00000000d6e80000,0x00000000d7200000)
  to   space 1536K, 0% used [0x00000000d7400000,0x00000000d7400000,0x00000000d7580000)
 ParOldGen       total 68608K, used 50848K [0x0000000080000000, 0x0000000084300000, 0x00000000d5580000)
  object space 68608K, 74% used [0x0000000080000000,0x00000000831a81c0,0x0000000084300000)
 Metaspace       used 51285K, committed 52608K, reserved 1114112K
  class space    used 5829K, committed 6400K, reserved 1048576K
}
Event: 27.325 GC heap before
{Heap before GC invocations=28 (full 2):
 PSYoungGen      total 23040K, used 19456K [0x00000000d5580000, 0x00000000d7580000, 0x0000000100000000)
  eden space 18944K, 100% used [0x00000000d5580000,0x00000000d6800000,0x00000000d6800000)
  from space 4096K, 12% used [0x00000000d6e00000,0x00000000d6e80000,0x00000000d7200000)
  to   space 1536K, 0% used [0x00000000d7400000,0x00000000d7400000,0x00000000d7580000)
 ParOldGen       total 68608K, used 50848K [0x0000000080000000, 0x0000000084300000, 0x00000000d5580000)
  object space 68608K, 74% used [0x0000000080000000,0x00000000831a81c0,0x0000000084300000)
 Metaspace       used 51305K, committed 52608K, reserved 1114112K
  class space    used 5830K, committed 6400K, reserved 1048576K
}
Event: 27.326 GC heap after
{Heap after GC invocations=28 (full 2):
 PSYoungGen      total 19968K, used 640K [0x00000000d5580000, 0x00000000d7500000, 0x0000000100000000)
  eden space 18944K, 0% used [0x00000000d5580000,0x00000000d5580000,0x00000000d6800000)
  from space 1024K, 62% used [0x00000000d7400000,0x00000000d74a0000,0x00000000d7500000)
  to   space 1024K, 0% used [0x00000000d7300000,0x00000000d7300000,0x00000000d7400000)
 ParOldGen       total 68608K, used 51265K [0x0000000080000000, 0x0000000084300000, 0x00000000d5580000)
  object space 68608K, 74% used [0x0000000080000000,0x0000000083210560,0x0000000084300000)
 Metaspace       used 51305K, committed 52608K, reserved 1114112K
  class space    used 5830K, committed 6400K, reserved 1048576K
}
Event: 27.625 GC heap before
{Heap before GC invocations=29 (full 2):
 PSYoungGen      total 19968K, used 19584K [0x00000000d5580000, 0x00000000d7500000, 0x0000000100000000)
  eden space 18944K, 100% used [0x00000000d5580000,0x00000000d6800000,0x00000000d6800000)
  from space 1024K, 62% used [0x00000000d7400000,0x00000000d74a0000,0x00000000d7500000)
  to   space 1024K, 0% used [0x00000000d7300000,0x00000000d7300000,0x00000000d7400000)
 ParOldGen       total 68608K, used 51265K [0x0000000080000000, 0x0000000084300000, 0x00000000d5580000)
  object space 68608K, 74% used [0x0000000080000000,0x0000000083210560,0x0000000084300000)
 Metaspace       used 51314K, committed 52608K, reserved 1114112K
  class space    used 5831K, committed 6400K, reserved 1048576K
}
Event: 27.628 GC heap after
{Heap after GC invocations=29 (full 2):
 PSYoungGen      total 19968K, used 1013K [0x00000000d5580000, 0x00000000d7480000, 0x0000000100000000)
  eden space 18944K, 0% used [0x00000000d5580000,0x00000000d5580000,0x00000000d6800000)
  from space 1024K, 99% used [0x00000000d7300000,0x00000000d73fd710,0x00000000d7400000)
  to   space 512K, 0% used [0x00000000d7400000,0x00000000d7400000,0x00000000d7480000)
 ParOldGen       total 68608K, used 54877K [0x0000000080000000, 0x0000000084300000, 0x00000000d5580000)
  object space 68608K, 79% used [0x0000000080000000,0x0000000083597430,0x0000000084300000)
 Metaspace       used 51314K, committed 52608K, reserved 1114112K
  class space    used 5831K, committed 6400K, reserved 1048576K
}
Event: 27.857 GC heap before
{Heap before GC invocations=30 (full 2):
 PSYoungGen      total 19968K, used 19957K [0x00000000d5580000, 0x00000000d7480000, 0x0000000100000000)
  eden space 18944K, 100% used [0x00000000d5580000,0x00000000d6800000,0x00000000d6800000)
  from space 1024K, 99% used [0x00000000d7300000,0x00000000d73fd710,0x00000000d7400000)
  to   space 512K, 0% used [0x00000000d7400000,0x00000000d7400000,0x00000000d7480000)
 ParOldGen       total 68608K, used 54877K [0x0000000080000000, 0x0000000084300000, 0x00000000d5580000)
  object space 68608K, 79% used [0x0000000080000000,0x0000000083597430,0x0000000084300000)
 Metaspace       used 52229K, committed 53632K, reserved 1114112K
  class space    used 6019K, committed 6656K, reserved 1048576K
}
Event: 27.859 GC heap after
{Heap after GC invocations=30 (full 2):
 PSYoungGen      total 19456K, used 496K [0x00000000d5580000, 0x00000000d7480000, 0x0000000100000000)
  eden space 18944K, 0% used [0x00000000d5580000,0x00000000d5580000,0x00000000d6800000)
  from space 512K, 96% used [0x00000000d7400000,0x00000000d747c010,0x00000000d7480000)
  to   space 3072K, 0% used [0x00000000d6e80000,0x00000000d6e80000,0x00000000d7180000)
 ParOldGen       total 68608K, used 56080K [0x0000000080000000, 0x0000000084300000, 0x00000000d5580000)
  object space 68608K, 81% used [0x0000000080000000,0x00000000836c41b0,0x0000000084300000)
 Metaspace       used 52229K, committed 53632K, reserved 1114112K
  class space    used 6019K, committed 6656K, reserved 1048576K
}
Event: 28.219 GC heap before
{Heap before GC invocations=31 (full 2):
 PSYoungGen      total 19456K, used 19320K [0x00000000d5580000, 0x00000000d7480000, 0x0000000100000000)
  eden space 18944K, 99% used [0x00000000d5580000,0x00000000d67e2158,0x00000000d6800000)
  from space 512K, 96% used [0x00000000d7400000,0x00000000d747c010,0x00000000d7480000)
  to   space 3072K, 0% used [0x00000000d6e80000,0x00000000d6e80000,0x00000000d7180000)
 ParOldGen       total 68608K, used 56080K [0x0000000080000000, 0x0000000084300000, 0x00000000d5580000)
  object space 68608K, 81% used [0x0000000080000000,0x00000000836c41b0,0x0000000084300000)
 Metaspace       used 54179K, committed 55552K, reserved 1114112K
  class space    used 6353K, committed 6976K, reserved 1048576K
}
Event: 28.221 GC heap after
{Heap after GC invocations=31 (full 2):
 PSYoungGen      total 22016K, used 960K [0x00000000d5580000, 0x00000000d7480000, 0x0000000100000000)
  eden space 18944K, 0% used [0x00000000d5580000,0x00000000d5580000,0x00000000d6800000)
  from space 3072K, 31% used [0x00000000d6e80000,0x00000000d6f70110,0x00000000d7180000)
  to   space 1536K, 0% used [0x00000000d7300000,0x00000000d7300000,0x00000000d7480000)
 ParOldGen       total 68608K, used 56568K [0x0000000080000000, 0x0000000084300000, 0x00000000d5580000)
  object space 68608K, 82% used [0x0000000080000000,0x000000008373e1e0,0x0000000084300000)
 Metaspace       used 54179K, committed 55552K, reserved 1114112K
  class space    used 6353K, committed 6976K, reserved 1048576K
}
Event: 28.539 GC heap before
{Heap before GC invocations=32 (full 2):
 PSYoungGen      total 22016K, used 19904K [0x00000000d5580000, 0x00000000d7480000, 0x0000000100000000)
  eden space 18944K, 100% used [0x00000000d5580000,0x00000000d6800000,0x00000000d6800000)
  from space 3072K, 31% used [0x00000000d6e80000,0x00000000d6f70110,0x00000000d7180000)
  to   space 1536K, 0% used [0x00000000d7300000,0x00000000d7300000,0x00000000d7480000)
 ParOldGen       total 68608K, used 56568K [0x0000000080000000, 0x0000000084300000, 0x00000000d5580000)
  object space 68608K, 82% used [0x0000000080000000,0x000000008373e1e0,0x0000000084300000)
 Metaspace       used 56159K, committed 57664K, reserved 1114112K
  class space    used 6667K, committed 7360K, reserved 1048576K
}
Event: 28.542 GC heap after
{Heap after GC invocations=32 (full 2):
 PSYoungGen      total 19968K, used 736K [0x00000000d5580000, 0x00000000d7400000, 0x0000000100000000)
  eden space 18944K, 0% used [0x00000000d5580000,0x00000000d5580000,0x00000000d6800000)
  from space 1024K, 71% used [0x00000000d7300000,0x00000000d73b8000,0x00000000d7400000)
  to   space 1024K, 0% used [0x00000000d7200000,0x00000000d7200000,0x00000000d7300000)
 ParOldGen       total 68608K, used 57104K [0x0000000080000000, 0x0000000084300000, 0x00000000d5580000)
  object space 68608K, 83% used [0x0000000080000000,0x00000000837c41e0,0x0000000084300000)
 Metaspace       used 56159K, committed 57664K, reserved 1114112K
  class space    used 6667K, committed 7360K, reserved 1048576K
}

