# JRE version: Java(TM) SE Runtime Environment (21.0.9+7) (build 21.0.9+7-LTS-338)
# Java VM: Java HotSpot(TM) 64-Bit Server VM (21.0.9+7-LTS-338, mixed mode, sharing, tiered, compressed oops, compressed class ptrs, g1 gc, windows-amd64)
GC Precious Log:
 CardTable entry size: 512
 Card Set container configuration: InlinePtr #cards 4 size 8 Array Of Cards #cards 32 size 80 Howl #buckets 8 coarsen threshold 7372 Howl Bitmap #cards 1024 size 144 coarsen threshold 921 Card regions per heap region 1 cards per card region 8192
 CPUs: 12 total, 12 available
 Memory: 7913M
 Large Page Support: Disabled
 NUMA Support: Disabled
 Compressed Oops: Enabled (Zero based)
 Heap Region Size: 4M
 Heap Min Capacity: 8M
 Heap Initial Capacity: 124M
 Heap Max Capacity: 8G
 Pre-touch: Disabled
 Parallel Workers: 10
 Concurrent Workers: 3
 Concurrent Refinement Workers: 10
 Periodic GC: Disabled
Heap:
 garbage-first heap   total 167936K, used 132537K [0x0000000600000000, 0x0000000800000000)
  region size 4096K, 16 young (65536K), 3 survivors (12288K)
 Metaspace       used 81774K, committed 84096K, reserved 1179648K
  class space    used 11567K, committed 12736K, reserved 1048576K
GC Heap History (20 events):
Event: 6.071 GC heap before
{Heap before GC invocations=10 (full 0):
 garbage-first heap   total 135168K, used 99717K [0x0000000600000000, 0x0000000800000000)
  region size 4096K, 19 young (77824K), 2 survivors (8192K)
 Metaspace       used 41121K, committed 42432K, reserved 1114112K
  class space    used 5567K, committed 6208K, reserved 1048576K
}
Event: 6.076 GC heap after
{Heap after GC invocations=11 (full 0):
 garbage-first heap   total 135168K, used 38040K [0x0000000600000000, 0x0000000800000000)
  region size 4096K, 3 young (12288K), 3 survivors (12288K)
 Metaspace       used 41121K, committed 42432K, reserved 1114112K
  class space    used 5567K, committed 6208K, reserved 1048576K
}
Event: 6.798 GC heap before
{Heap before GC invocations=11 (full 0):
 garbage-first heap   total 135168K, used 103576K [0x0000000600000000, 0x0000000800000000)
  region size 4096K, 19 young (77824K), 3 survivors (12288K)
 Metaspace       used 46423K, committed 48064K, reserved 1114112K
  class space    used 6432K, committed 7232K, reserved 1048576K
}
Event: 6.805 GC heap after
{Heap after GC invocations=12 (full 0):
 garbage-first heap   total 135168K, used 41430K [0x0000000600000000, 0x0000000800000000)
  region size 4096K, 3 young (12288K), 3 survivors (12288K)
 Metaspace       used 46423K, committed 48064K, reserved 1114112K
  class space    used 6432K, committed 7232K, reserved 1048576K
}
Event: 7.717 GC heap before
{Heap before GC invocations=12 (full 0):
 garbage-first heap   total 135168K, used 106966K [0x0000000600000000, 0x0000000800000000)
  region size 4096K, 19 young (77824K), 3 survivors (12288K)
 Metaspace       used 52239K, committed 54144K, reserved 1114112K
  class space    used 7347K, committed 8320K, reserved 1048576K
}
Event: 7.724 GC heap after
{Heap after GC invocations=13 (full 0):
 garbage-first heap   total 135168K, used 45077K [0x0000000600000000, 0x0000000800000000)
  region size 4096K, 2 young (8192K), 2 survivors (8192K)
 Metaspace       used 52239K, committed 54144K, reserved 1114112K
  class space    used 7347K, committed 8320K, reserved 1048576K
}
Event: 8.645 GC heap before
{Heap before GC invocations=13 (full 0):
 garbage-first heap   total 135168K, used 110613K [0x0000000600000000, 0x0000000800000000)
  region size 4096K, 18 young (73728K), 2 survivors (8192K)
 Metaspace       used 55868K, committed 57856K, reserved 1114112K
  class space    used 7928K, committed 8896K, reserved 1048576K
}
Event: 8.655 GC heap after
{Heap after GC invocations=14 (full 0):
 garbage-first heap   total 135168K, used 51982K [0x0000000600000000, 0x0000000800000000)
  region size 4096K, 3 young (12288K), 3 survivors (12288K)
 Metaspace       used 55868K, committed 57856K, reserved 1114112K
  class space    used 7928K, committed 8896K, reserved 1048576K
}
Event: 9.218 GC heap before
{Heap before GC invocations=14 (full 0):
 garbage-first heap   total 135168K, used 84750K [0x0000000600000000, 0x0000000800000000)
  region size 4096K, 12 young (49152K), 3 survivors (12288K)
 Metaspace       used 58785K, committed 60800K, reserved 1114112K
  class space    used 8403K, committed 9408K, reserved 1048576K
}
Event: 9.226 GC heap after
{Heap after GC invocations=15 (full 0):
 garbage-first heap   total 135168K, used 62400K [0x0000000600000000, 0x0000000800000000)
  region size 4096K, 2 young (8192K), 2 survivors (8192K)
 Metaspace       used 58785K, committed 60800K, reserved 1114112K
  class space    used 8403K, committed 9408K, reserved 1048576K
}
Event: 10.205 GC heap before
{Heap before GC invocations=16 (full 0):
 garbage-first heap   total 135168K, used 111552K [0x0000000600000000, 0x0000000800000000)
  region size 4096K, 14 young (57344K), 2 survivors (8192K)
 Metaspace       used 64222K, committed 66368K, reserved 1114112K
  class space    used 9104K, committed 10176K, reserved 1048576K
}
Event: 10.209 GC heap after
{Heap after GC invocations=17 (full 0):
 garbage-first heap   total 135168K, used 64277K [0x0000000600000000, 0x0000000800000000)
  region size 4096K, 1 young (4096K), 1 survivors (4096K)
 Metaspace       used 64222K, committed 66368K, reserved 1114112K
  class space    used 9104K, committed 10176K, reserved 1048576K
}
Event: 10.936 GC heap before
{Heap before GC invocations=17 (full 0):
 garbage-first heap   total 135168K, used 113429K [0x0000000600000000, 0x0000000800000000)
  region size 4096K, 13 young (53248K), 1 survivors (4096K)
 Metaspace       used 67522K, committed 69632K, reserved 1114112K
  class space    used 9542K, committed 10624K, reserved 1048576K
}
Event: 10.942 GC heap after
{Heap after GC invocations=18 (full 0):
 garbage-first heap   total 135168K, used 69454K [0x0000000600000000, 0x0000000800000000)
  region size 4096K, 1 young (4096K), 1 survivors (4096K)
 Metaspace       used 67522K, committed 69632K, reserved 1114112K
  class space    used 9542K, committed 10624K, reserved 1048576K
}
Event: 11.772 GC heap before
{Heap before GC invocations=18 (full 0):
 garbage-first heap   total 135168K, used 118606K [0x0000000600000000, 0x0000000800000000)
  region size 4096K, 13 young (53248K), 1 survivors (4096K)
 Metaspace       used 69959K, committed 72128K, reserved 1114112K
  class space    used 9893K, committed 11008K, reserved 1048576K
}
Event: 11.779 GC heap after
{Heap after GC invocations=19 (full 0):
 garbage-first heap   total 135168K, used 73764K [0x0000000600000000, 0x0000000800000000)
  region size 4096K, 2 young (8192K), 2 survivors (8192K)
 Metaspace       used 69959K, committed 72128K, reserved 1114112K
  class space    used 9893K, committed 11008K, reserved 1048576K
}
Event: 12.454 GC heap before
{Heap before GC invocations=20 (full 0):
 garbage-first heap   total 139264K, used 110628K [0x0000000600000000, 0x0000000800000000)
  region size 4096K, 11 young (45056K), 2 survivors (8192K)
 Metaspace       used 72720K, committed 74944K, reserved 1114112K
  class space    used 10286K, committed 11392K, reserved 1048576K
}
Event: 12.461 GC heap after
{Heap after GC invocations=21 (full 0):
 garbage-first heap   total 167936K, used 76392K [0x0000000600000000, 0x0000000800000000)
  region size 4096K, 1 young (4096K), 1 survivors (4096K)
 Metaspace       used 72720K, committed 74944K, reserved 1114112K
  class space    used 10286K, committed 11392K, reserved 1048576K
}
Event: 13.684 GC heap before
{Heap before GC invocations=21 (full 0):
 garbage-first heap   total 167936K, used 150120K [0x0000000600000000, 0x0000000800000000)
  region size 4096K, 19 young (77824K), 1 survivors (4096K)
 Metaspace       used 77824K, committed 80000K, reserved 1179648K
  class space    used 11055K, committed 12160K, reserved 1048576K
}
Event: 13.693 GC heap after
{Heap after GC invocations=22 (full 0):
 garbage-first heap   total 167936K, used 83385K [0x0000000600000000, 0x0000000800000000)
  region size 4096K, 3 young (12288K), 3 survivors (12288K)
 Metaspace       used 77824K, committed 80000K, reserved 1179648K
  class space    used 11055K, committed 12160K, reserved 1048576K
}

