# JRE version: Java(TM) SE Runtime Environment (21.0.9+7) (build 21.0.9+7-LTS-338)
# Java VM: Java HotSpot(TM) 64-Bit Server VM (21.0.9+7-LTS-338, mixed mode, sharing, tiered, compressed oops, compressed class ptrs, g1 gc, windows-amd64)
GC Precious Log:
 CardTable entry size: 512
 Card Set container configuration: InlinePtr #cards 4 size 8 Array Of Cards #cards 32 size 80 Howl #buckets 8 coarsen threshold 7372 Howl Bitmap #cards 1024 size 144 coarsen threshold 921 Card regions per heap region 1 cards per card region 8192
 CPUs: 12 total, 12 available
 Memory: 7913M
 Large Page Support: Disabled
 NUMA Support: Disabled
 Compressed Oops: Enabled (Zero based)
 Heap Region Size: 4M
 Heap Min Capacity: 8M
 Heap Initial Capacity: 124M
 Heap Max Capacity: 8G
 Pre-touch: Disabled
 Parallel Workers: 10
 Concurrent Workers: 3
 Concurrent Refinement Workers: 10
 Periodic GC: Disabled
Heap:
 garbage-first heap   total 131072K, used 75025K [0x0000000600000000, 0x0000000800000000)
  region size 4096K, 10 young (40960K), 3 survivors (12288K)
 Metaspace       used 57270K, committed 59264K, reserved 1114112K
  class space    used 8193K, committed 9152K, reserved 1048576K
GC Heap History (20 events):
Event: 4.274 GC heap before
{Heap before GC invocations=2 (full 0):
 garbage-first heap   total 126976K, used 52704K [0x0000000600000000, 0x0000000800000000)
  region size 4096K, 12 young (49152K), 2 survivors (8192K)
 Metaspace       used 4641K, committed 4864K, reserved 1114112K
  class space    used 576K, committed 704K, reserved 1048576K
}
Event: 4.282 GC heap after
{Heap after GC invocations=3 (full 0):
 garbage-first heap   total 126976K, used 16763K [0x0000000600000000, 0x0000000800000000)
  region size 4096K, 2 young (8192K), 2 survivors (8192K)
 Metaspace       used 4641K, committed 4864K, reserved 1114112K
  class space    used 576K, committed 704K, reserved 1048576K
}
Event: 5.752 GC heap before
{Heap before GC invocations=3 (full 0):
 garbage-first heap   total 126976K, used 82299K [0x0000000600000000, 0x0000000800000000)
  region size 4096K, 18 young (73728K), 2 survivors (8192K)
 Metaspace       used 17297K, committed 17856K, reserved 1114112K
  class space    used 2358K, committed 2624K, reserved 1048576K
}
Event: 5.760 GC heap after
{Heap after GC invocations=4 (full 0):
 garbage-first heap   total 126976K, used 22292K [0x0000000600000000, 0x0000000800000000)
  region size 4096K, 3 young (12288K), 3 survivors (12288K)
 Metaspace       used 17297K, committed 17856K, reserved 1114112K
  class space    used 2358K, committed 2624K, reserved 1048576K
}
Event: 6.262 GC heap before
{Heap before GC invocations=4 (full 0):
 garbage-first heap   total 126976K, used 46868K [0x0000000600000000, 0x0000000800000000)
  region size 4096K, 10 young (40960K), 3 survivors (12288K)
 Metaspace       used 20817K, committed 21504K, reserved 1114112K
  class space    used 2979K, committed 3328K, reserved 1048576K
}
Event: 6.270 GC heap after
{Heap after GC invocations=5 (full 0):
 garbage-first heap   total 126976K, used 24256K [0x0000000600000000, 0x0000000800000000)
  region size 4096K, 2 young (8192K), 2 survivors (8192K)
 Metaspace       used 20817K, committed 21504K, reserved 1114112K
  class space    used 2979K, committed 3328K, reserved 1048576K
}
Event: 7.348 GC heap before
{Heap before GC invocations=6 (full 0):
 garbage-first heap   total 98304K, used 89792K [0x0000000600000000, 0x0000000800000000)
  region size 4096K, 18 young (73728K), 2 survivors (8192K)
 Metaspace       used 29552K, committed 30592K, reserved 1114112K
  class space    used 4313K, committed 4800K, reserved 1048576K
}
Event: 7.356 GC heap after
{Heap after GC invocations=7 (full 0):
 garbage-first heap   total 106496K, used 29626K [0x0000000600000000, 0x0000000800000000)
  region size 4096K, 2 young (8192K), 2 survivors (8192K)
 Metaspace       used 29552K, committed 30592K, reserved 1114112K
  class space    used 4313K, committed 4800K, reserved 1048576K
}
Event: 7.905 GC heap before
{Heap before GC invocations=7 (full 0):
 garbage-first heap   total 106496K, used 50106K [0x0000000600000000, 0x0000000800000000)
  region size 4096K, 9 young (36864K), 2 survivors (8192K)
 Metaspace       used 35028K, committed 36096K, reserved 1114112K
  class space    used 4901K, committed 5440K, reserved 1048576K
}
Event: 7.911 GC heap after
{Heap after GC invocations=8 (full 0):
 garbage-first heap   total 106496K, used 33737K [0x0000000600000000, 0x0000000800000000)
  region size 4096K, 2 young (8192K), 2 survivors (8192K)
 Metaspace       used 35028K, committed 36096K, reserved 1114112K
  class space    used 4901K, committed 5440K, reserved 1048576K
}
Event: 8.574 GC heap before
{Heap before GC invocations=9 (full 0):
 garbage-first heap   total 106496K, used 78793K [0x0000000600000000, 0x0000000800000000)
  region size 4096K, 14 young (57344K), 2 survivors (8192K)
 Metaspace       used 38461K, committed 39616K, reserved 1114112K
  class space    used 5273K, committed 5824K, reserved 1048576K
}
Event: 8.580 GC heap after
{Heap after GC invocations=10 (full 0):
 garbage-first heap   total 106496K, used 37189K [0x0000000600000000, 0x0000000800000000)
  region size 4096K, 2 young (8192K), 2 survivors (8192K)
 Metaspace       used 38461K, committed 39616K, reserved 1114112K
  class space    used 5273K, committed 5824K, reserved 1048576K
}
Event: 9.057 GC heap before
{Heap before GC invocations=10 (full 0):
 garbage-first heap   total 106496K, used 82245K [0x0000000600000000, 0x0000000800000000)
  region size 4096K, 14 young (57344K), 2 survivors (8192K)
 Metaspace       used 41771K, committed 43136K, reserved 1114112K
  class space    used 5670K, committed 6336K, reserved 1048576K
}
Event: 9.062 GC heap after
{Heap after GC invocations=11 (full 0):
 garbage-first heap   total 106496K, used 39266K [0x0000000600000000, 0x0000000800000000)
  region size 4096K, 1 young (4096K), 1 survivors (4096K)
 Metaspace       used 41771K, committed 43136K, reserved 1114112K
  class space    used 5670K, committed 6336K, reserved 1048576K
}
Event: 9.660 GC heap before
{Heap before GC invocations=11 (full 0):
 garbage-first heap   total 106496K, used 88418K [0x0000000600000000, 0x0000000800000000)
  region size 4096K, 13 young (53248K), 1 survivors (4096K)
 Metaspace       used 46275K, committed 47936K, reserved 1114112K
  class space    used 6415K, committed 7232K, reserved 1048576K
}
Event: 9.664 GC heap after
{Heap after GC invocations=12 (full 0):
 garbage-first heap   total 131072K, used 40962K [0x0000000600000000, 0x0000000800000000)
  region size 4096K, 2 young (8192K), 2 survivors (8192K)
 Metaspace       used 46275K, committed 47936K, reserved 1114112K
  class space    used 6415K, committed 7232K, reserved 1048576K
}
Event: 10.721 GC heap before
{Heap before GC invocations=12 (full 0):
 garbage-first heap   total 131072K, used 106498K [0x0000000600000000, 0x0000000800000000)
  region size 4096K, 18 young (73728K), 2 survivors (8192K)
 Metaspace       used 51090K, committed 52992K, reserved 1114112K
  class space    used 7187K, committed 8128K, reserved 1048576K
}
Event: 10.727 GC heap after
{Heap after GC invocations=13 (full 0):
 garbage-first heap   total 131072K, used 44694K [0x0000000600000000, 0x0000000800000000)
  region size 4096K, 2 young (8192K), 2 survivors (8192K)
 Metaspace       used 51090K, committed 52992K, reserved 1114112K
  class space    used 7187K, committed 8128K, reserved 1048576K
}
Event: 11.534 GC heap before
{Heap before GC invocations=13 (full 0):
 garbage-first heap   total 131072K, used 110230K [0x0000000600000000, 0x0000000800000000)
  region size 4096K, 18 young (73728K), 2 survivors (8192K)
 Metaspace       used 54668K, committed 56512K, reserved 1114112K
  class space    used 7727K, committed 8640K, reserved 1048576K
}
Event: 11.543 GC heap after
{Heap after GC invocations=14 (full 0):
 garbage-first heap   total 131072K, used 50449K [0x0000000600000000, 0x0000000800000000)
  region size 4096K, 3 young (12288K), 3 survivors (12288K)
 Metaspace       used 54668K, committed 56512K, reserved 1114112K
  class space    used 7727K, committed 8640K, reserved 1048576K
}

