# JRE version: Java(TM) SE Runtime Environment (21.0.9+7) (build 21.0.9+7-LTS-338)
# Java VM: Java HotSpot(TM) 64-Bit Server VM (21.0.9+7-LTS-338, mixed mode, sharing, tiered, compressed oops, compressed class ptrs, g1 gc, windows-amd64)
GC Precious Log:
 CardTable entry size: 512
 Card Set container configuration: InlinePtr #cards 4 size 8 Array Of Cards #cards 32 size 80 Howl #buckets 8 coarsen threshold 7372 Howl Bitmap #cards 1024 size 144 coarsen threshold 921 Card regions per heap region 1 cards per card region 8192
 CPUs: 12 total, 12 available
 Memory: 7913M
 Large Page Support: Disabled
 NUMA Support: Disabled
 Compressed Oops: Enabled (Zero based)
 Heap Region Size: 4M
 Heap Min Capacity: 8M
 Heap Initial Capacity: 124M
 Heap Max Capacity: 8G
 Pre-touch: Disabled
 Parallel Workers: 10
 Concurrent Workers: 3
 Concurrent Refinement Workers: 10
 Periodic GC: Disabled
Heap:
 garbage-first heap   total 163840K, used 102694K [0x0000000600000000, 0x0000000800000000)
  region size 4096K, 11 young (45056K), 2 survivors (8192K)
 Metaspace       used 71008K, committed 73152K, reserved 1114112K
  class space    used 10050K, committed 11136K, reserved 1048576K
GC Heap History (20 events):
Event: 4.510 GC heap before
{Heap before GC invocations=6 (full 0):
 garbage-first heap   total 110592K, used 85921K [0x0000000600000000, 0x0000000800000000)
  region size 4096K, 18 young (73728K), 2 survivors (8192K)
 Metaspace       used 29618K, committed 30592K, reserved 1114112K
  class space    used 4330K, committed 4800K, reserved 1048576K
}
Event: 4.519 GC heap after
{Heap after GC invocations=7 (full 0):
 garbage-first heap   total 110592K, used 29822K [0x0000000600000000, 0x0000000800000000)
  region size 4096K, 3 young (12288K), 3 survivors (12288K)
 Metaspace       used 29618K, committed 30592K, reserved 1114112K
  class space    used 4330K, committed 4800K, reserved 1048576K
}
Event: 5.046 GC heap before
{Heap before GC invocations=7 (full 0):
 garbage-first heap   total 110592K, used 50302K [0x0000000600000000, 0x0000000800000000)
  region size 4096K, 9 young (36864K), 3 survivors (12288K)
 Metaspace       used 34903K, committed 35968K, reserved 1114112K
  class space    used 4886K, committed 5440K, reserved 1048576K
}
Event: 5.055 GC heap after
{Heap after GC invocations=8 (full 0):
 garbage-first heap   total 110592K, used 32230K [0x0000000600000000, 0x0000000800000000)
  region size 4096K, 1 young (4096K), 1 survivors (4096K)
 Metaspace       used 34903K, committed 35968K, reserved 1114112K
  class space    used 4886K, committed 5440K, reserved 1048576K
}
Event: 5.117 GC heap before
{Heap before GC invocations=8 (full 0):
 garbage-first heap   total 110592K, used 36326K [0x0000000600000000, 0x0000000800000000)
  region size 4096K, 3 young (12288K), 1 survivors (4096K)
 Metaspace       used 35241K, committed 36288K, reserved 1114112K
  class space    used 4914K, committed 5440K, reserved 1048576K
}
Event: 5.120 GC heap after
{Heap after GC invocations=9 (full 0):
 garbage-first heap   total 135168K, used 32703K [0x0000000600000000, 0x0000000800000000)
  region size 4096K, 1 young (4096K), 1 survivors (4096K)
 Metaspace       used 35241K, committed 36288K, reserved 1114112K
  class space    used 4914K, committed 5440K, reserved 1048576K
}
Event: 5.761 GC heap before
{Heap before GC invocations=10 (full 0):
 garbage-first heap   total 135168K, used 98239K [0x0000000600000000, 0x0000000800000000)
  region size 4096K, 18 young (73728K), 1 survivors (4096K)
 Metaspace       used 40255K, committed 41472K, reserved 1114112K
  class space    used 5435K, committed 6016K, reserved 1048576K
}
Event: 5.766 GC heap after
{Heap after GC invocations=11 (full 0):
 garbage-first heap   total 135168K, used 36935K [0x0000000600000000, 0x0000000800000000)
  region size 4096K, 2 young (8192K), 2 survivors (8192K)
 Metaspace       used 40255K, committed 41472K, reserved 1114112K
  class space    used 5435K, committed 6016K, reserved 1048576K
}
Event: 6.501 GC heap before
{Heap before GC invocations=11 (full 0):
 garbage-first heap   total 135168K, used 102471K [0x0000000600000000, 0x0000000800000000)
  region size 4096K, 19 young (77824K), 2 survivors (8192K)
 Metaspace       used 46238K, committed 47936K, reserved 1114112K
  class space    used 6410K, committed 7232K, reserved 1048576K
}
Event: 6.507 GC heap after
{Heap after GC invocations=12 (full 0):
 garbage-first heap   total 135168K, used 40754K [0x0000000600000000, 0x0000000800000000)
  region size 4096K, 3 young (12288K), 3 survivors (12288K)
 Metaspace       used 46238K, committed 47936K, reserved 1114112K
  class space    used 6410K, committed 7232K, reserved 1048576K
}
Event: 7.145 GC heap before
{Heap before GC invocations=12 (full 0):
 garbage-first heap   total 135168K, used 106290K [0x0000000600000000, 0x0000000800000000)
  region size 4096K, 19 young (77824K), 3 survivors (12288K)
 Metaspace       used 50604K, committed 52480K, reserved 1114112K
  class space    used 7125K, committed 8064K, reserved 1048576K
}
Event: 7.153 GC heap after
{Heap after GC invocations=13 (full 0):
 garbage-first heap   total 135168K, used 44655K [0x0000000600000000, 0x0000000800000000)
  region size 4096K, 2 young (8192K), 2 survivors (8192K)
 Metaspace       used 50604K, committed 52480K, reserved 1114112K
  class space    used 7125K, committed 8064K, reserved 1048576K
}
Event: 7.859 GC heap before
{Heap before GC invocations=13 (full 0):
 garbage-first heap   total 135168K, used 114287K [0x0000000600000000, 0x0000000800000000)
  region size 4096K, 19 young (77824K), 2 survivors (8192K)
 Metaspace       used 54591K, committed 56448K, reserved 1114112K
  class space    used 7725K, committed 8640K, reserved 1048576K
}
Event: 7.866 GC heap after
{Heap after GC invocations=14 (full 0):
 garbage-first heap   total 135168K, used 51252K [0x0000000600000000, 0x0000000800000000)
  region size 4096K, 3 young (12288K), 3 survivors (12288K)
 Metaspace       used 54591K, committed 56448K, reserved 1114112K
  class space    used 7725K, committed 8640K, reserved 1048576K
}
Event: 8.497 GC heap before
{Heap before GC invocations=14 (full 0):
 garbage-first heap   total 135168K, used 100404K [0x0000000600000000, 0x0000000800000000)
  region size 4096K, 15 young (61440K), 3 survivors (12288K)
 Metaspace       used 58590K, committed 60608K, reserved 1114112K
  class space    used 8393K, committed 9408K, reserved 1048576K
}
Event: 8.504 GC heap after
{Heap after GC invocations=15 (full 0):
 garbage-first heap   total 135168K, used 61147K [0x0000000600000000, 0x0000000800000000)
  region size 4096K, 2 young (8192K), 2 survivors (8192K)
 Metaspace       used 58590K, committed 60608K, reserved 1114112K
  class space    used 8393K, committed 9408K, reserved 1048576K
}
Event: 9.093 GC heap before
{Heap before GC invocations=16 (full 0):
 garbage-first heap   total 135168K, used 106203K [0x0000000600000000, 0x0000000800000000)
  region size 4096K, 14 young (57344K), 2 survivors (8192K)
 Metaspace       used 64071K, committed 66240K, reserved 1114112K
  class space    used 9099K, committed 10176K, reserved 1048576K
}
Event: 9.097 GC heap after
{Heap after GC invocations=17 (full 0):
 garbage-first heap   total 163840K, used 63354K [0x0000000600000000, 0x0000000800000000)
  region size 4096K, 1 young (4096K), 1 survivors (4096K)
 Metaspace       used 64071K, committed 66240K, reserved 1114112K
  class space    used 9099K, committed 10176K, reserved 1048576K
}
Event: 11.039 GC heap before
{Heap before GC invocations=17 (full 0):
 garbage-first heap   total 163840K, used 145274K [0x0000000600000000, 0x0000000800000000)
  region size 4096K, 20 young (81920K), 1 survivors (4096K)
 Metaspace       used 69237K, committed 71360K, reserved 1114112K
  class space    used 9807K, committed 10880K, reserved 1048576K
}
Event: 11.045 GC heap after
{Heap after GC invocations=18 (full 0):
 garbage-first heap   total 163840K, used 69926K [0x0000000600000000, 0x0000000800000000)
  region size 4096K, 2 young (8192K), 2 survivors (8192K)
 Metaspace       used 69237K, committed 71360K, reserved 1114112K
  class space    used 9807K, committed 10880K, reserved 1048576K
}

