# JRE version: OpenJDK Runtime Environment Temurin-21.0.9+10 (21.0.9+10) (build 21.0.9+10-LTS)
# Java VM: OpenJDK 64-Bit Server VM Temurin-21.0.9+10 (21.0.9+10-LTS, mixed mode, sharing, tiered, compressed oops, compressed class ptrs, parallel gc, windows-amd64)
GC Precious Log:
 CardTable entry size: 512
 CPUs: 12 total, 12 available
 Memory: 7913M
 Large Page Support: Disabled
 NUMA Support: Disabled
 Compressed Oops: Enabled (32-bit)
 Alignments: Space 512K, Generation 512K, Heap 2M
 Heap Min Capacity: 100M
 Heap Initial Capacity: 100M
 Heap Max Capacity: 2G
 Pre-touch: Disabled
 Parallel Workers: 10
Heap:
 PSYoungGen      total 6656K, used 3361K [0x00000000d5580000, 0x00000000d5d00000, 0x0000000100000000)
  eden space 6144K, 47% used [0x00000000d5580000,0x00000000d5860568,0x00000000d5b80000)
  from space 512K, 81% used [0x00000000d5c00000,0x00000000d5c68000,0x00000000d5c80000)
  to   space 512K, 0% used [0x00000000d5c80000,0x00000000d5c80000,0x00000000d5d00000)
 ParOldGen       total 119808K, used 119801K [0x0000000080000000, 0x0000000087500000, 0x00000000d5580000)
  object space 119808K, 99% used [0x0000000080000000,0x00000000874fe408,0x0000000087500000)
 Metaspace       used 69199K, committed 70720K, reserved 1114112K
  class space    used 7809K, committed 8448K, reserved 1048576K
GC Heap History (20 events):
Event: 49.174 GC heap before
{Heap before GC invocations=215 (full 3):
 PSYoungGen      total 7168K, used 6803K [0x00000000d5580000, 0x00000000d5e80000, 0x0000000100000000)
  eden space 6144K, 100% used [0x00000000d5580000,0x00000000d5b80000,0x00000000d5b80000)
  from space 1024K, 64% used [0x00000000d5b80000,0x00000000d5c24df8,0x00000000d5c80000)
  to   space 1536K, 0% used [0x00000000d5d00000,0x00000000d5d00000,0x00000000d5e80000)
 ParOldGen       total 119296K, used 118825K [0x0000000080000000, 0x0000000087480000, 0x00000000d5580000)
  object space 119296K, 99% used [0x0000000080000000,0x000000008740a400,0x0000000087480000)
 Metaspace       used 66915K, committed 68416K, reserved 1114112K
  class space    used 7571K, committed 8256K, reserved 1048576K
}
Event: 49.174 GC heap after
{Heap after GC invocations=215 (full 3):
 PSYoungGen      total 7680K, used 1221K [0x00000000d5580000, 0x00000000d5e80000, 0x0000000100000000)
  eden space 6144K, 0% used [0x00000000d5580000,0x00000000d5580000,0x00000000d5b80000)
  from space 1536K, 79% used [0x00000000d5d00000,0x00000000d5e31420,0x00000000d5e80000)
  to   space 1536K, 0% used [0x00000000d5b80000,0x00000000d5b80000,0x00000000d5d00000)
 ParOldGen       total 119296K, used 118825K [0x0000000080000000, 0x0000000087480000, 0x00000000d5580000)
  object space 119296K, 99% used [0x0000000080000000,0x000000008740a400,0x0000000087480000)
 Metaspace       used 66915K, committed 68416K, reserved 1114112K
  class space    used 7571K, committed 8256K, reserved 1048576K
}
Event: 49.186 GC heap before
{Heap before GC invocations=216 (full 3):
 PSYoungGen      total 7680K, used 7365K [0x00000000d5580000, 0x00000000d5e80000, 0x0000000100000000)
  eden space 6144K, 100% used [0x00000000d5580000,0x00000000d5b80000,0x00000000d5b80000)
  from space 1536K, 79% used [0x00000000d5d00000,0x00000000d5e31420,0x00000000d5e80000)
  to   space 1536K, 0% used [0x00000000d5b80000,0x00000000d5b80000,0x00000000d5d00000)
 ParOldGen       total 119296K, used 118825K [0x0000000080000000, 0x0000000087480000, 0x00000000d5580000)
  object space 119296K, 99% used [0x0000000080000000,0x000000008740a400,0x0000000087480000)
 Metaspace       used 66921K, committed 68416K, reserved 1114112K
  class space    used 7571K, committed 8256K, reserved 1048576K
}
Event: 49.187 GC heap after
{Heap after GC invocations=216 (full 3):
 PSYoungGen      total 7680K, used 1124K [0x00000000d5580000, 0x00000000d5e80000, 0x0000000100000000)
  eden space 6144K, 0% used [0x00000000d5580000,0x00000000d5580000,0x00000000d5b80000)
  from space 1536K, 73% used [0x00000000d5b80000,0x00000000d5c99018,0x00000000d5d00000)
  to   space 1536K, 0% used [0x00000000d5d00000,0x00000000d5d00000,0x00000000d5e80000)
 ParOldGen       total 119296K, used 118841K [0x0000000080000000, 0x0000000087480000, 0x00000000d5580000)
  object space 119296K, 99% used [0x0000000080000000,0x000000008740e400,0x0000000087480000)
 Metaspace       used 66921K, committed 68416K, reserved 1114112K
  class space    used 7571K, committed 8256K, reserved 1048576K
}
Event: 49.193 GC heap before
{Heap before GC invocations=217 (full 3):
 PSYoungGen      total 7680K, used 7236K [0x00000000d5580000, 0x00000000d5e80000, 0x0000000100000000)
  eden space 6144K, 99% used [0x00000000d5580000,0x00000000d5b783a8,0x00000000d5b80000)
  from space 1536K, 73% used [0x00000000d5b80000,0x00000000d5c99018,0x00000000d5d00000)
  to   space 1536K, 0% used [0x00000000d5d00000,0x00000000d5d00000,0x00000000d5e80000)
 ParOldGen       total 119296K, used 118841K [0x0000000080000000, 0x0000000087480000, 0x00000000d5580000)
  object space 119296K, 99% used [0x0000000080000000,0x000000008740e400,0x0000000087480000)
 Metaspace       used 66922K, committed 68416K, reserved 1114112K
  class space    used 7571K, committed 8256K, reserved 1048576K
}
Event: 49.194 GC heap after
{Heap after GC invocations=217 (full 3):
 PSYoungGen      total 7680K, used 1014K [0x00000000d5580000, 0x00000000d5e80000, 0x0000000100000000)
  eden space 6144K, 0% used [0x00000000d5580000,0x00000000d5580000,0x00000000d5b80000)
  from space 1536K, 66% used [0x00000000d5d00000,0x00000000d5dfda18,0x00000000d5e80000)
  to   space 1536K, 0% used [0x00000000d5b80000,0x00000000d5b80000,0x00000000d5d00000)
 ParOldGen       total 119296K, used 118857K [0x0000000080000000, 0x0000000087480000, 0x00000000d5580000)
  object space 119296K, 99% used [0x0000000080000000,0x0000000087412400,0x0000000087480000)
 Metaspace       used 66922K, committed 68416K, reserved 1114112K
  class space    used 7571K, committed 8256K, reserved 1048576K
}
Event: 49.202 GC heap before
{Heap before GC invocations=218 (full 3):
 PSYoungGen      total 7680K, used 7158K [0x00000000d5580000, 0x00000000d5e80000, 0x0000000100000000)
  eden space 6144K, 100% used [0x00000000d5580000,0x00000000d5b80000,0x00000000d5b80000)
  from space 1536K, 66% used [0x00000000d5d00000,0x00000000d5dfda18,0x00000000d5e80000)
  to   space 1536K, 0% used [0x00000000d5b80000,0x00000000d5b80000,0x00000000d5d00000)
 ParOldGen       total 119296K, used 118857K [0x0000000080000000, 0x0000000087480000, 0x00000000d5580000)
  object space 119296K, 99% used [0x0000000080000000,0x0000000087412400,0x0000000087480000)
 Metaspace       used 66923K, committed 68416K, reserved 1114112K
  class space    used 7571K, committed 8256K, reserved 1048576K
}
Event: 49.203 GC heap after
{Heap after GC invocations=218 (full 3):
 PSYoungGen      total 7168K, used 938K [0x00000000d5580000, 0x00000000d5d80000, 0x0000000100000000)
  eden space 6144K, 0% used [0x00000000d5580000,0x00000000d5580000,0x00000000d5b80000)
  from space 1024K, 91% used [0x00000000d5b80000,0x00000000d5c6ab40,0x00000000d5c80000)
  to   space 1024K, 0% used [0x00000000d5c80000,0x00000000d5c80000,0x00000000d5d80000)
 ParOldGen       total 119296K, used 118881K [0x0000000080000000, 0x0000000087480000, 0x00000000d5580000)
  object space 119296K, 99% used [0x0000000080000000,0x0000000087418400,0x0000000087480000)
 Metaspace       used 66923K, committed 68416K, reserved 1114112K
  class space    used 7571K, committed 8256K, reserved 1048576K
}
Event: 49.270 GC heap before
{Heap before GC invocations=219 (full 3):
 PSYoungGen      total 7168K, used 7082K [0x00000000d5580000, 0x00000000d5d80000, 0x0000000100000000)
  eden space 6144K, 100% used [0x00000000d5580000,0x00000000d5b80000,0x00000000d5b80000)
  from space 1024K, 91% used [0x00000000d5b80000,0x00000000d5c6ab40,0x00000000d5c80000)
  to   space 1024K, 0% used [0x00000000d5c80000,0x00000000d5c80000,0x00000000d5d80000)
 ParOldGen       total 119296K, used 118881K [0x0000000080000000, 0x0000000087480000, 0x00000000d5580000)
  object space 119296K, 99% used [0x0000000080000000,0x0000000087418400,0x0000000087480000)
 Metaspace       used 68009K, committed 69504K, reserved 1114112K
  class space    used 7673K, committed 8320K, reserved 1048576K
}
Event: 49.271 GC heap after
{Heap after GC invocations=219 (full 3):
 PSYoungGen      total 7168K, used 416K [0x00000000d5580000, 0x00000000d5d80000, 0x0000000100000000)
  eden space 6144K, 0% used [0x00000000d5580000,0x00000000d5580000,0x00000000d5b80000)
  from space 1024K, 40% used [0x00000000d5c80000,0x00000000d5ce8010,0x00000000d5d80000)
  to   space 1024K, 0% used [0x00000000d5b80000,0x00000000d5b80000,0x00000000d5c80000)
 ParOldGen       total 119296K, used 118905K [0x0000000080000000, 0x0000000087480000, 0x00000000d5580000)
  object space 119296K, 99% used [0x0000000080000000,0x000000008741e400,0x0000000087480000)
 Metaspace       used 68009K, committed 69504K, reserved 1114112K
  class space    used 7673K, committed 8320K, reserved 1048576K
}
Event: 49.353 GC heap before
{Heap before GC invocations=220 (full 3):
 PSYoungGen      total 7168K, used 6560K [0x00000000d5580000, 0x00000000d5d80000, 0x0000000100000000)
  eden space 6144K, 100% used [0x00000000d5580000,0x00000000d5b80000,0x00000000d5b80000)
  from space 1024K, 40% used [0x00000000d5c80000,0x00000000d5ce8010,0x00000000d5d80000)
  to   space 1024K, 0% used [0x00000000d5b80000,0x00000000d5b80000,0x00000000d5c80000)
 ParOldGen       total 119296K, used 118905K [0x0000000080000000, 0x0000000087480000, 0x00000000d5580000)
  object space 119296K, 99% used [0x0000000080000000,0x000000008741e400,0x0000000087480000)
 Metaspace       used 68336K, committed 69888K, reserved 1114112K
  class space    used 7705K, committed 8384K, reserved 1048576K
}
Event: 49.355 GC heap after
{Heap after GC invocations=220 (full 3):
 PSYoungGen      total 7168K, used 448K [0x00000000d5580000, 0x00000000d5d00000, 0x0000000100000000)
  eden space 6144K, 0% used [0x00000000d5580000,0x00000000d5580000,0x00000000d5b80000)
  from space 1024K, 43% used [0x00000000d5b80000,0x00000000d5bf0000,0x00000000d5c80000)
  to   space 512K, 0% used [0x00000000d5c80000,0x00000000d5c80000,0x00000000d5d00000)
 ParOldGen       total 119296K, used 119025K [0x0000000080000000, 0x0000000087480000, 0x00000000d5580000)
  object space 119296K, 99% used [0x0000000080000000,0x000000008743c400,0x0000000087480000)
 Metaspace       used 68336K, committed 69888K, reserved 1114112K
  class space    used 7705K, committed 8384K, reserved 1048576K
}
Event: 49.473 GC heap before
{Heap before GC invocations=221 (full 3):
 PSYoungGen      total 7168K, used 6592K [0x00000000d5580000, 0x00000000d5d00000, 0x0000000100000000)
  eden space 6144K, 100% used [0x00000000d5580000,0x00000000d5b80000,0x00000000d5b80000)
  from space 1024K, 43% used [0x00000000d5b80000,0x00000000d5bf0000,0x00000000d5c80000)
  to   space 512K, 0% used [0x00000000d5c80000,0x00000000d5c80000,0x00000000d5d00000)
 ParOldGen       total 119296K, used 119025K [0x0000000080000000, 0x0000000087480000, 0x00000000d5580000)
  object space 119296K, 99% used [0x0000000080000000,0x000000008743c400,0x0000000087480000)
 Metaspace       used 68708K, committed 70272K, reserved 1114112K
  class space    used 7758K, committed 8448K, reserved 1048576K
}
Event: 49.474 GC heap after
{Heap after GC invocations=221 (full 3):
 PSYoungGen      total 6656K, used 384K [0x00000000d5580000, 0x00000000d5d00000, 0x0000000100000000)
  eden space 6144K, 0% used [0x00000000d5580000,0x00000000d5580000,0x00000000d5b80000)
  from space 512K, 75% used [0x00000000d5c80000,0x00000000d5ce0000,0x00000000d5d00000)
  to   space 512K, 0% used [0x00000000d5c00000,0x00000000d5c00000,0x00000000d5c80000)
 ParOldGen       total 119808K, used 119329K [0x0000000080000000, 0x0000000087500000, 0x00000000d5580000)
  object space 119808K, 99% used [0x0000000080000000,0x0000000087488420,0x0000000087500000)
 Metaspace       used 68708K, committed 70272K, reserved 1114112K
  class space    used 7758K, committed 8448K, reserved 1048576K
}
Event: 49.565 GC heap before
{Heap before GC invocations=222 (full 3):
 PSYoungGen      total 6656K, used 6528K [0x00000000d5580000, 0x00000000d5d00000, 0x0000000100000000)
  eden space 6144K, 100% used [0x00000000d5580000,0x00000000d5b80000,0x00000000d5b80000)
  from space 512K, 75% used [0x00000000d5c80000,0x00000000d5ce0000,0x00000000d5d00000)
  to   space 512K, 0% used [0x00000000d5c00000,0x00000000d5c00000,0x00000000d5c80000)
 ParOldGen       total 119808K, used 119329K [0x0000000080000000, 0x0000000087500000, 0x00000000d5580000)
  object space 119808K, 99% used [0x0000000080000000,0x0000000087488420,0x0000000087500000)
 Metaspace       used 69044K, committed 70592K, reserved 1114112K
  class space    used 7797K, committed 8448K, reserved 1048576K
}
Event: 49.566 GC heap after
{Heap after GC invocations=222 (full 3):
 PSYoungGen      total 6656K, used 352K [0x00000000d5580000, 0x00000000d5d00000, 0x0000000100000000)
  eden space 6144K, 0% used [0x00000000d5580000,0x00000000d5580000,0x00000000d5b80000)
  from space 512K, 68% used [0x00000000d5c00000,0x00000000d5c58000,0x00000000d5c80000)
  to   space 512K, 0% used [0x00000000d5c80000,0x00000000d5c80000,0x00000000d5d00000)
 ParOldGen       total 119808K, used 119524K [0x0000000080000000, 0x0000000087500000, 0x00000000d5580000)
  object space 119808K, 99% used [0x0000000080000000,0x00000000874b90e8,0x0000000087500000)
 Metaspace       used 69044K, committed 70592K, reserved 1114112K
  class space    used 7797K, committed 8448K, reserved 1048576K
}
Event: 49.649 GC heap before
{Heap before GC invocations=223 (full 3):
 PSYoungGen      total 6656K, used 6496K [0x00000000d5580000, 0x00000000d5d00000, 0x0000000100000000)
  eden space 6144K, 100% used [0x00000000d5580000,0x00000000d5b80000,0x00000000d5b80000)
  from space 512K, 68% used [0x00000000d5c00000,0x00000000d5c58000,0x00000000d5c80000)
  to   space 512K, 0% used [0x00000000d5c80000,0x00000000d5c80000,0x00000000d5d00000)
 ParOldGen       total 119808K, used 119524K [0x0000000080000000, 0x0000000087500000, 0x00000000d5580000)
  object space 119808K, 99% used [0x0000000080000000,0x00000000874b90e8,0x0000000087500000)
 Metaspace       used 69097K, committed 70656K, reserved 1114112K
  class space    used 7801K, committed 8448K, reserved 1048576K
}
Event: 49.651 GC heap after
{Heap after GC invocations=223 (full 3):
 PSYoungGen      total 6656K, used 432K [0x00000000d5580000, 0x00000000d5d00000, 0x0000000100000000)
  eden space 6144K, 0% used [0x00000000d5580000,0x00000000d5580000,0x00000000d5b80000)
  from space 512K, 84% used [0x00000000d5c80000,0x00000000d5cec010,0x00000000d5d00000)
  to   space 512K, 0% used [0x00000000d5c00000,0x00000000d5c00000,0x00000000d5c80000)
 ParOldGen       total 119808K, used 119692K [0x0000000080000000, 0x0000000087500000, 0x00000000d5580000)
  object space 119808K, 99% used [0x0000000080000000,0x00000000874e3298,0x0000000087500000)
 Metaspace       used 69097K, committed 70656K, reserved 1114112K
  class space    used 7801K, committed 8448K, reserved 1048576K
}
Event: 49.765 GC heap before
{Heap before GC invocations=224 (full 3):
 PSYoungGen      total 6656K, used 6576K [0x00000000d5580000, 0x00000000d5d00000, 0x0000000100000000)
  eden space 6144K, 100% used [0x00000000d5580000,0x00000000d5b80000,0x00000000d5b80000)
  from space 512K, 84% used [0x00000000d5c80000,0x00000000d5cec010,0x00000000d5d00000)
  to   space 512K, 0% used [0x00000000d5c00000,0x00000000d5c00000,0x00000000d5c80000)
 ParOldGen       total 119808K, used 119692K [0x0000000080000000, 0x0000000087500000, 0x00000000d5580000)
  object space 119808K, 99% used [0x0000000080000000,0x00000000874e3298,0x0000000087500000)
 Metaspace       used 69160K, committed 70720K, reserved 1114112K
  class space    used 7804K, committed 8448K, reserved 1048576K
}
Event: 49.766 GC heap after
{Heap after GC invocations=224 (full 3):
 PSYoungGen      total 6656K, used 416K [0x00000000d5580000, 0x00000000d5d00000, 0x0000000100000000)
  eden space 6144K, 0% used [0x00000000d5580000,0x00000000d5580000,0x00000000d5b80000)
  from space 512K, 81% used [0x00000000d5c00000,0x00000000d5c68000,0x00000000d5c80000)
  to   space 512K, 0% used [0x00000000d5c80000,0x00000000d5c80000,0x00000000d5d00000)
 ParOldGen       total 119808K, used 119801K [0x0000000080000000, 0x0000000087500000, 0x00000000d5580000)
  object space 119808K, 99% used [0x0000000080000000,0x00000000874fe408,0x0000000087500000)
 Metaspace       used 69160K, committed 70720K, reserved 1114112K
  class space    used 7804K, committed 8448K, reserved 1048576K
}

