# JRE version: OpenJDK Runtime Environment Temurin-21.0.9+10 (21.0.9+10) (build 21.0.9+10-LTS)
# Java VM: OpenJDK 64-Bit Server VM Temurin-21.0.9+10 (21.0.9+10-LTS, mixed mode, sharing, tiered, compressed oops, compressed class ptrs, parallel gc, windows-amd64)
GC Precious Log:
 CardTable entry size: 512
 CPUs: 12 total, 12 available
 Memory: 7913M
 Large Page Support: Disabled
 NUMA Support: Disabled
 Compressed Oops: Enabled (32-bit)
 Alignments: Space 512K, Generation 512K, Heap 2M
 Heap Min Capacity: 100M
 Heap Initial Capacity: 100M
 Heap Max Capacity: 2G
 Pre-touch: Disabled
 Parallel Workers: 10
Heap:
 PSYoungGen      total 9728K, used 1880K [0x00000000d5580000, 0x00000000d6080000, 0x0000000100000000)
  eden space 8704K, 17% used [0x00000000d5580000,0x00000000d56f2b78,0x00000000d5e00000)
  from space 1024K, 39% used [0x00000000d5e80000,0x00000000d5ee5638,0x00000000d5f80000)
  to   space 1024K, 0% used [0x00000000d5f80000,0x00000000d5f80000,0x00000000d6080000)
 ParOldGen       total 159744K, used 159723K [0x0000000080000000, 0x0000000089c00000, 0x00000000d5580000)
  object space 159744K, 99% used [0x0000000080000000,0x0000000089bfae60,0x0000000089c00000)
 Metaspace       used 78570K, committed 80192K, reserved 1179648K
  class space    used 9520K, committed 10240K, reserved 1048576K
GC Heap History (20 events):
Event: 85.354 GC heap after
{Heap after GC invocations=229 (full 3):
 PSYoungGen      total 14336K, used 613K [0x00000000d5580000, 0x00000000d6480000, 0x0000000100000000)
  eden space 13312K, 0% used [0x00000000d5580000,0x00000000d5580000,0x00000000d6280000)
  from space 1024K, 59% used [0x00000000d6380000,0x00000000d6419758,0x00000000d6480000)
  to   space 1024K, 0% used [0x00000000d6280000,0x00000000d6280000,0x00000000d6380000)
 ParOldGen       total 143360K, used 143291K [0x0000000080000000, 0x0000000088c00000, 0x00000000d5580000)
  object space 143360K, 99% used [0x0000000080000000,0x0000000088beec10,0x0000000088c00000)
 Metaspace       used 78526K, committed 80128K, reserved 1179648K
  class space    used 9518K, committed 10240K, reserved 1048576K
}
Event: 85.369 GC heap before
{Heap before GC invocations=230 (full 3):
 PSYoungGen      total 14336K, used 13925K [0x00000000d5580000, 0x00000000d6480000, 0x0000000100000000)
  eden space 13312K, 100% used [0x00000000d5580000,0x00000000d6280000,0x00000000d6280000)
  from space 1024K, 59% used [0x00000000d6380000,0x00000000d6419758,0x00000000d6480000)
  to   space 1024K, 0% used [0x00000000d6280000,0x00000000d6280000,0x00000000d6380000)
 ParOldGen       total 143360K, used 143291K [0x0000000080000000, 0x0000000088c00000, 0x00000000d5580000)
  object space 143360K, 99% used [0x0000000080000000,0x0000000088beec10,0x0000000088c00000)
 Metaspace       used 78526K, committed 80128K, reserved 1179648K
  class space    used 9518K, committed 10240K, reserved 1048576K
}
Event: 85.371 GC heap after
{Heap after GC invocations=230 (full 3):
 PSYoungGen      total 14336K, used 401K [0x00000000d5580000, 0x00000000d6400000, 0x0000000100000000)
  eden space 13312K, 0% used [0x00000000d5580000,0x00000000d5580000,0x00000000d6280000)
  from space 1024K, 39% used [0x00000000d6280000,0x00000000d62e4400,0x00000000d6380000)
  to   space 512K, 0% used [0x00000000d6380000,0x00000000d6380000,0x00000000d6400000)
 ParOldGen       total 143872K, used 143663K [0x0000000080000000, 0x0000000088c80000, 0x00000000d5580000)
  object space 143872K, 99% used [0x0000000080000000,0x0000000088c4bf30,0x0000000088c80000)
 Metaspace       used 78526K, committed 80128K, reserved 1179648K
  class space    used 9518K, committed 10240K, reserved 1048576K
}
Event: 85.382 GC heap before
{Heap before GC invocations=231 (full 3):
 PSYoungGen      total 14336K, used 13713K [0x00000000d5580000, 0x00000000d6400000, 0x0000000100000000)
  eden space 13312K, 100% used [0x00000000d5580000,0x00000000d6280000,0x00000000d6280000)
  from space 1024K, 39% used [0x00000000d6280000,0x00000000d62e4400,0x00000000d6380000)
  to   space 512K, 0% used [0x00000000d6380000,0x00000000d6380000,0x00000000d6400000)
 ParOldGen       total 143872K, used 143663K [0x0000000080000000, 0x0000000088c80000, 0x00000000d5580000)
  object space 143872K, 99% used [0x0000000080000000,0x0000000088c4bf30,0x0000000088c80000)
 Metaspace       used 78526K, committed 80128K, reserved 1179648K
  class space    used 9518K, committed 10240K, reserved 1048576K
}
Event: 85.384 GC heap after
{Heap after GC invocations=231 (full 3):
 PSYoungGen      total 13824K, used 496K [0x00000000d5580000, 0x00000000d6480000, 0x0000000100000000)
  eden space 13312K, 0% used [0x00000000d5580000,0x00000000d5580000,0x00000000d6280000)
  from space 512K, 97% used [0x00000000d6380000,0x00000000d63fc340,0x00000000d6400000)
  to   space 1024K, 0% used [0x00000000d6280000,0x00000000d6280000,0x00000000d6380000)
 ParOldGen       total 143872K, used 143850K [0x0000000080000000, 0x0000000088c80000, 0x00000000d5580000)
  object space 143872K, 99% used [0x0000000080000000,0x0000000088c7aae0,0x0000000088c80000)
 Metaspace       used 78526K, committed 80128K, reserved 1179648K
  class space    used 9518K, committed 10240K, reserved 1048576K
}
Event: 85.395 GC heap before
{Heap before GC invocations=232 (full 3):
 PSYoungGen      total 13824K, used 13808K [0x00000000d5580000, 0x00000000d6480000, 0x0000000100000000)
  eden space 13312K, 100% used [0x00000000d5580000,0x00000000d6280000,0x00000000d6280000)
  from space 512K, 97% used [0x00000000d6380000,0x00000000d63fc340,0x00000000d6400000)
  to   space 1024K, 0% used [0x00000000d6280000,0x00000000d6280000,0x00000000d6380000)
 ParOldGen       total 143872K, used 143850K [0x0000000080000000, 0x0000000088c80000, 0x00000000d5580000)
  object space 143872K, 99% used [0x0000000080000000,0x0000000088c7aae0,0x0000000088c80000)
 Metaspace       used 78526K, committed 80128K, reserved 1179648K
  class space    used 9518K, committed 10240K, reserved 1048576K
}
Event: 85.396 GC heap after
{Heap after GC invocations=232 (full 3):
 PSYoungGen      total 14336K, used 448K [0x00000000d5580000, 0x00000000d6480000, 0x0000000100000000)
  eden space 13312K, 0% used [0x00000000d5580000,0x00000000d5580000,0x00000000d6280000)
  from space 1024K, 43% used [0x00000000d6280000,0x00000000d62f0000,0x00000000d6380000)
  to   space 1024K, 0% used [0x00000000d6380000,0x00000000d6380000,0x00000000d6480000)
 ParOldGen       total 144384K, used 144266K [0x0000000080000000, 0x0000000088d00000, 0x00000000d5580000)
  object space 144384K, 99% used [0x0000000080000000,0x0000000088ce29a0,0x0000000088d00000)
 Metaspace       used 78526K, committed 80128K, reserved 1179648K
  class space    used 9518K, committed 10240K, reserved 1048576K
}
Event: 85.404 GC heap before
{Heap before GC invocations=233 (full 3):
 PSYoungGen      total 14336K, used 13760K [0x00000000d5580000, 0x00000000d6480000, 0x0000000100000000)
  eden space 13312K, 100% used [0x00000000d5580000,0x00000000d6280000,0x00000000d6280000)
  from space 1024K, 43% used [0x00000000d6280000,0x00000000d62f0000,0x00000000d6380000)
  to   space 1024K, 0% used [0x00000000d6380000,0x00000000d6380000,0x00000000d6480000)
 ParOldGen       total 144384K, used 144266K [0x0000000080000000, 0x0000000088d00000, 0x00000000d5580000)
  object space 144384K, 99% used [0x0000000080000000,0x0000000088ce29a0,0x0000000088d00000)
 Metaspace       used 78526K, committed 80128K, reserved 1179648K
  class space    used 9518K, committed 10240K, reserved 1048576K
}
Event: 85.407 GC heap after
{Heap after GC invocations=233 (full 3):
 PSYoungGen      total 12288K, used 1018K [0x00000000d5580000, 0x00000000d6880000, 0x0000000100000000)
  eden space 11264K, 0% used [0x00000000d5580000,0x00000000d5580000,0x00000000d6080000)
  from space 1024K, 99% used [0x00000000d6380000,0x00000000d647e838,0x00000000d6480000)
  to   space 3072K, 0% used [0x00000000d6080000,0x00000000d6080000,0x00000000d6380000)
 ParOldGen       total 145920K, used 145532K [0x0000000080000000, 0x0000000088e80000, 0x00000000d5580000)
  object space 145920K, 99% used [0x0000000080000000,0x0000000088e1f1d8,0x0000000088e80000)
 Metaspace       used 78526K, committed 80128K, reserved 1179648K
  class space    used 9518K, committed 10240K, reserved 1048576K
}
Event: 85.420 GC heap before
{Heap before GC invocations=234 (full 3):
 PSYoungGen      total 12288K, used 12282K [0x00000000d5580000, 0x00000000d6880000, 0x0000000100000000)
  eden space 11264K, 100% used [0x00000000d5580000,0x00000000d6080000,0x00000000d6080000)
  from space 1024K, 99% used [0x00000000d6380000,0x00000000d647e838,0x00000000d6480000)
  to   space 3072K, 0% used [0x00000000d6080000,0x00000000d6080000,0x00000000d6380000)
 ParOldGen       total 145920K, used 145532K [0x0000000080000000, 0x0000000088e80000, 0x00000000d5580000)
  object space 145920K, 99% used [0x0000000080000000,0x0000000088e1f1d8,0x0000000088e80000)
 Metaspace       used 78526K, committed 80128K, reserved 1179648K
  class space    used 9518K, committed 10240K, reserved 1048576K
}
Event: 85.423 GC heap after
{Heap after GC invocations=234 (full 3):
 PSYoungGen      total 12800K, used 1050K [0x00000000d5580000, 0x00000000d6400000, 0x0000000100000000)
  eden space 11264K, 0% used [0x00000000d5580000,0x00000000d5580000,0x00000000d6080000)
  from space 1536K, 68% used [0x00000000d6080000,0x00000000d61868e0,0x00000000d6200000)
  to   space 1536K, 0% used [0x00000000d6280000,0x00000000d6280000,0x00000000d6400000)
 ParOldGen       total 146944K, used 146566K [0x0000000080000000, 0x0000000088f80000, 0x00000000d5580000)
  object space 146944K, 99% used [0x0000000080000000,0x0000000088f21a20,0x0000000088f80000)
 Metaspace       used 78526K, committed 80128K, reserved 1179648K
  class space    used 9518K, committed 10240K, reserved 1048576K
}
Event: 85.431 GC heap before
{Heap before GC invocations=235 (full 3):
 PSYoungGen      total 12800K, used 12314K [0x00000000d5580000, 0x00000000d6400000, 0x0000000100000000)
  eden space 11264K, 100% used [0x00000000d5580000,0x00000000d6080000,0x00000000d6080000)
  from space 1536K, 68% used [0x00000000d6080000,0x00000000d61868e0,0x00000000d6200000)
  to   space 1536K, 0% used [0x00000000d6280000,0x00000000d6280000,0x00000000d6400000)
 ParOldGen       total 146944K, used 146566K [0x0000000080000000, 0x0000000088f80000, 0x00000000d5580000)
  object space 146944K, 99% used [0x0000000080000000,0x0000000088f21a20,0x0000000088f80000)
 Metaspace       used 78526K, committed 80128K, reserved 1179648K
  class space    used 9518K, committed 10240K, reserved 1048576K
}
Event: 85.433 GC heap after
{Heap after GC invocations=235 (full 3):
 PSYoungGen      total 12288K, used 832K [0x00000000d5580000, 0x00000000d6380000, 0x0000000100000000)
  eden space 11264K, 0% used [0x00000000d5580000,0x00000000d5580000,0x00000000d6080000)
  from space 1024K, 81% used [0x00000000d6280000,0x00000000d6350000,0x00000000d6380000)
  to   space 1024K, 0% used [0x00000000d6180000,0x00000000d6180000,0x00000000d6280000)
 ParOldGen       total 147456K, used 147435K [0x0000000080000000, 0x0000000089000000, 0x00000000d5580000)
  object space 147456K, 99% used [0x0000000080000000,0x0000000088ffaee8,0x0000000089000000)
 Metaspace       used 78526K, committed 80128K, reserved 1179648K
  class space    used 9518K, committed 10240K, reserved 1048576K
}
Event: 85.443 GC heap before
{Heap before GC invocations=236 (full 3):
 PSYoungGen      total 12288K, used 12096K [0x00000000d5580000, 0x00000000d6380000, 0x0000000100000000)
  eden space 11264K, 100% used [0x00000000d5580000,0x00000000d6080000,0x00000000d6080000)
  from space 1024K, 81% used [0x00000000d6280000,0x00000000d6350000,0x00000000d6380000)
  to   space 1024K, 0% used [0x00000000d6180000,0x00000000d6180000,0x00000000d6280000)
 ParOldGen       total 147456K, used 147435K [0x0000000080000000, 0x0000000089000000, 0x00000000d5580000)
  object space 147456K, 99% used [0x0000000080000000,0x0000000088ffaee8,0x0000000089000000)
 Metaspace       used 78526K, committed 80128K, reserved 1179648K
  class space    used 9518K, committed 10240K, reserved 1048576K
}
Event: 85.445 GC heap after
{Heap after GC invocations=236 (full 3):
 PSYoungGen      total 12288K, used 576K [0x00000000d5580000, 0x00000000d6300000, 0x0000000100000000)
  eden space 11264K, 0% used [0x00000000d5580000,0x00000000d5580000,0x00000000d6080000)
  from space 1024K, 56% used [0x00000000d6180000,0x00000000d6210000,0x00000000d6280000)
  to   space 512K, 0% used [0x00000000d6280000,0x00000000d6280000,0x00000000d6300000)
 ParOldGen       total 148480K, used 148107K [0x0000000080000000, 0x0000000089100000, 0x00000000d5580000)
  object space 148480K, 99% used [0x0000000080000000,0x00000000890a2ee8,0x0000000089100000)
 Metaspace       used 78526K, committed 80128K, reserved 1179648K
  class space    used 9518K, committed 10240K, reserved 1048576K
}
Event: 85.454 GC heap before
{Heap before GC invocations=237 (full 3):
 PSYoungGen      total 12288K, used 11840K [0x00000000d5580000, 0x00000000d6300000, 0x0000000100000000)
  eden space 11264K, 100% used [0x00000000d5580000,0x00000000d6080000,0x00000000d6080000)
  from space 1024K, 56% used [0x00000000d6180000,0x00000000d6210000,0x00000000d6280000)
  to   space 512K, 0% used [0x00000000d6280000,0x00000000d6280000,0x00000000d6300000)
 ParOldGen       total 148480K, used 148107K [0x0000000080000000, 0x0000000089100000, 0x00000000d5580000)
  object space 148480K, 99% used [0x0000000080000000,0x00000000890a2ee8,0x0000000089100000)
 Metaspace       used 78526K, committed 80128K, reserved 1179648K
  class space    used 9518K, committed 10240K, reserved 1048576K
}
Event: 85.456 GC heap after
{Heap after GC invocations=237 (full 3):
 PSYoungGen      total 11776K, used 480K [0x00000000d5580000, 0x00000000d6300000, 0x0000000100000000)
  eden space 11264K, 0% used [0x00000000d5580000,0x00000000d5580000,0x00000000d6080000)
  from space 512K, 93% used [0x00000000d6280000,0x00000000d62f8000,0x00000000d6300000)
  to   space 1024K, 0% used [0x00000000d6100000,0x00000000d6100000,0x00000000d6200000)
 ParOldGen       total 148992K, used 148563K [0x0000000080000000, 0x0000000089180000, 0x00000000d5580000)
  object space 148992K, 99% used [0x0000000080000000,0x0000000089114ee8,0x0000000089180000)
 Metaspace       used 78526K, committed 80128K, reserved 1179648K
  class space    used 9518K, committed 10240K, reserved 1048576K
}
Event: 85.479 GC heap before
{Heap before GC invocations=238 (full 3):
 PSYoungGen      total 11776K, used 11744K [0x00000000d5580000, 0x00000000d6300000, 0x0000000100000000)
  eden space 11264K, 100% used [0x00000000d5580000,0x00000000d6080000,0x00000000d6080000)
  from space 512K, 93% used [0x00000000d6280000,0x00000000d62f8000,0x00000000d6300000)
  to   space 1024K, 0% used [0x00000000d6100000,0x00000000d6100000,0x00000000d6200000)
 ParOldGen       total 148992K, used 148563K [0x0000000080000000, 0x0000000089180000, 0x00000000d5580000)
  object space 148992K, 99% used [0x0000000080000000,0x0000000089114ee8,0x0000000089180000)
 Metaspace       used 78528K, committed 80128K, reserved 1179648K
  class space    used 9518K, committed 10240K, reserved 1048576K
}
Event: 86.851 GC heap after
{Heap after GC invocations=238 (full 3):
 PSYoungGen      total 12288K, used 995K [0x00000000d5580000, 0x00000000d6300000, 0x0000000100000000)
  eden space 11264K, 0% used [0x00000000d5580000,0x00000000d5580000,0x00000000d6080000)
  from space 1024K, 97% used [0x00000000d6100000,0x00000000d61f8d90,0x00000000d6200000)
  to   space 512K, 0% used [0x00000000d6280000,0x00000000d6280000,0x00000000d6300000)
 ParOldGen       total 149504K, used 149427K [0x0000000080000000, 0x0000000089200000, 0x00000000d5580000)
  object space 149504K, 99% used [0x0000000080000000,0x00000000891ecee8,0x0000000089200000)
 Metaspace       used 78528K, committed 80128K, reserved 1179648K
  class space    used 9518K, committed 10240K, reserved 1048576K
}
Event: 87.526 GC heap before
{Heap before GC invocations=239 (full 3):
 PSYoungGen      total 12288K, used 12259K [0x00000000d5580000, 0x00000000d6300000, 0x0000000100000000)
  eden space 11264K, 100% used [0x00000000d5580000,0x00000000d6080000,0x00000000d6080000)
  from space 1024K, 97% used [0x00000000d6100000,0x00000000d61f8d90,0x00000000d6200000)
  to   space 512K, 0% used [0x00000000d6280000,0x00000000d6280000,0x00000000d6300000)
 ParOldGen       total 149504K, used 149427K [0x0000000080000000, 0x0000000089200000, 0x00000000d5580000)
  object space 149504K, 99% used [0x0000000080000000,0x00000000891ecf88,0x0000000089200000)
 Metaspace       used 78529K, committed 80128K, reserved 1179648K
  class space    used 9518K, committed 10240K, reserved 1048576K
}

