# JRE version: Java(TM) SE Runtime Environment (21.0.9+7) (build 21.0.9+7-LTS-338)
# Java VM: Java HotSpot(TM) 64-Bit Server VM (21.0.9+7-LTS-338, mixed mode, sharing, tiered, compressed oops, compressed class ptrs, g1 gc, windows-amd64)
GC Precious Log:
 CardTable entry size: 512
 Card Set container configuration: InlinePtr #cards 5 size 8 Array Of Cards #cards 12 size 40 Howl #buckets 4 coarsen threshold 1843 Howl Bitmap #cards 512 size 80 coarsen threshold 460 Card regions per heap region 1 cards per card region 2048
 CPUs: 12 total, 12 available
 Memory: 7913M
 Large Page Support: Disabled
 NUMA Support: Disabled
 Compressed Oops: Enabled (32-bit)
 Heap Region Size: 1M
 Heap Min Capacity: 8M
 Heap Initial Capacity: 124M
 Heap Max Capacity: 1980M
 Pre-touch: Disabled
 Parallel Workers: 10
 Concurrent Workers: 3
 Concurrent Refinement Workers: 10
 Periodic GC: Disabled
Heap:
 garbage-first heap   total 146432K, used 89215K [0x0000000084400000, 0x0000000100000000)
  region size 1024K, 38 young (38912K), 7 survivors (7168K)
 Metaspace       used 30342K, committed 30784K, reserved 1114112K
  class space    used 3308K, committed 3520K, reserved 1048576K
GC Heap History (20 events):
Event: 1.009 GC heap before
{Heap before GC invocations=0 (full 0):
 garbage-first heap   total 126976K, used 22528K [0x0000000084400000, 0x0000000100000000)
  region size 1024K, 23 young (23552K), 0 survivors (0K)
 Metaspace       used 5606K, committed 5760K, reserved 1114112K
  class space    used 648K, committed 768K, reserved 1048576K
}
Event: 1.018 GC heap after
{Heap after GC invocations=1 (full 0):
 garbage-first heap   total 126976K, used 3812K [0x0000000084400000, 0x0000000100000000)
  region size 1024K, 3 young (3072K), 3 survivors (3072K)
 Metaspace       used 5606K, committed 5760K, reserved 1114112K
  class space    used 648K, committed 768K, reserved 1048576K
}
Event: 1.702 GC heap before
{Heap before GC invocations=1 (full 0):
 garbage-first heap   total 126976K, used 34532K [0x0000000084400000, 0x0000000100000000)
  region size 1024K, 33 young (33792K), 3 survivors (3072K)
 Metaspace       used 9696K, committed 9856K, reserved 1114112K
  class space    used 1140K, committed 1216K, reserved 1048576K
}
Event: 1.712 GC heap after
{Heap after GC invocations=2 (full 0):
 garbage-first heap   total 126976K, used 5544K [0x0000000084400000, 0x0000000100000000)
  region size 1024K, 2 young (2048K), 2 survivors (2048K)
 Metaspace       used 9696K, committed 9856K, reserved 1114112K
  class space    used 1140K, committed 1216K, reserved 1048576K
}
Event: 3.463 GC heap before
{Heap before GC invocations=2 (full 0):
 garbage-first heap   total 126976K, used 79272K [0x0000000084400000, 0x0000000100000000)
  region size 1024K, 74 young (75776K), 2 survivors (2048K)
 Metaspace       used 15649K, committed 15872K, reserved 1114112K
  class space    used 1810K, committed 1920K, reserved 1048576K
}
Event: 3.485 GC heap after
{Heap after GC invocations=3 (full 0):
 garbage-first heap   total 126976K, used 12921K [0x0000000084400000, 0x0000000100000000)
  region size 1024K, 9 young (9216K), 9 survivors (9216K)
 Metaspace       used 15649K, committed 15872K, reserved 1114112K
  class space    used 1810K, committed 1920K, reserved 1048576K
}
Event: 4.498 GC heap before
{Heap before GC invocations=3 (full 0):
 garbage-first heap   total 126976K, used 79481K [0x0000000084400000, 0x0000000100000000)
  region size 1024K, 74 young (75776K), 9 survivors (9216K)
 Metaspace       used 16193K, committed 16384K, reserved 1114112K
  class space    used 1812K, committed 1920K, reserved 1048576K
}
Event: 4.522 GC heap after
{Heap after GC invocations=4 (full 0):
 garbage-first heap   total 126976K, used 14741K [0x0000000084400000, 0x0000000100000000)
  region size 1024K, 2 young (2048K), 2 survivors (2048K)
 Metaspace       used 16193K, committed 16384K, reserved 1114112K
  class space    used 1812K, committed 1920K, reserved 1048576K
}
Event: 5.486 GC heap before
{Heap before GC invocations=4 (full 0):
 garbage-first heap   total 126976K, used 88469K [0x0000000084400000, 0x0000000100000000)
  region size 1024K, 74 young (75776K), 2 survivors (2048K)
 Metaspace       used 16365K, committed 16576K, reserved 1114112K
  class space    used 1818K, committed 1920K, reserved 1048576K
}
Event: 5.492 GC heap after
{Heap after GC invocations=5 (full 0):
 garbage-first heap   total 126976K, used 16087K [0x0000000084400000, 0x0000000100000000)
  region size 1024K, 4 young (4096K), 4 survivors (4096K)
 Metaspace       used 16365K, committed 16576K, reserved 1114112K
  class space    used 1818K, committed 1920K, reserved 1048576K
}
Event: 6.471 GC heap before
{Heap before GC invocations=5 (full 0):
 garbage-first heap   total 126976K, used 87767K [0x0000000084400000, 0x0000000100000000)
  region size 1024K, 74 young (75776K), 4 survivors (4096K)
 Metaspace       used 16553K, committed 16832K, reserved 1114112K
  class space    used 1819K, committed 1920K, reserved 1048576K
}
Event: 6.481 GC heap after
{Heap after GC invocations=6 (full 0):
 garbage-first heap   total 126976K, used 17813K [0x0000000084400000, 0x0000000100000000)
  region size 1024K, 5 young (5120K), 5 survivors (5120K)
 Metaspace       used 16553K, committed 16832K, reserved 1114112K
  class space    used 1819K, committed 1920K, reserved 1048576K
}
Event: 7.317 GC heap before
{Heap before GC invocations=6 (full 0):
 garbage-first heap   total 126976K, used 88469K [0x0000000084400000, 0x0000000100000000)
  region size 1024K, 74 young (75776K), 5 survivors (5120K)
 Metaspace       used 16765K, committed 16960K, reserved 1114112K
  class space    used 1831K, committed 1920K, reserved 1048576K
}
Event: 7.328 GC heap after
{Heap after GC invocations=7 (full 0):
 garbage-first heap   total 152576K, used 19799K [0x0000000084400000, 0x0000000100000000)
  region size 1024K, 7 young (7168K), 7 survivors (7168K)
 Metaspace       used 16765K, committed 16960K, reserved 1114112K
  class space    used 1831K, committed 1920K, reserved 1048576K
}
Event: 9.009 GC heap before
{Heap before GC invocations=7 (full 0):
 garbage-first heap   total 152576K, used 80215K [0x0000000084400000, 0x0000000100000000)
  region size 1024K, 60 young (61440K), 7 survivors (7168K)
 Metaspace       used 21271K, committed 21504K, reserved 1114112K
  class space    used 2341K, committed 2432K, reserved 1048576K
}
Event: 9.026 GC heap after
{Heap after GC invocations=8 (full 0):
 garbage-first heap   total 152576K, used 32506K [0x0000000084400000, 0x0000000100000000)
  region size 1024K, 12 young (12288K), 12 survivors (12288K)
 Metaspace       used 21271K, committed 21504K, reserved 1114112K
  class space    used 2341K, committed 2432K, reserved 1048576K
}
Event: 10.993 GC heap before
{Heap before GC invocations=9 (full 0):
 garbage-first heap   total 112640K, used 112378K [0x0000000084400000, 0x0000000100000000)
  region size 1024K, 89 young (91136K), 12 survivors (12288K)
 Metaspace       used 27128K, committed 27456K, reserved 1114112K
  class space    used 2997K, committed 3136K, reserved 1048576K
}
Event: 11.052 GC heap after
{Heap after GC invocations=10 (full 0):
 garbage-first heap   total 146432K, used 51450K [0x0000000084400000, 0x0000000100000000)
  region size 1024K, 12 young (12288K), 12 survivors (12288K)
 Metaspace       used 27128K, committed 27456K, reserved 1114112K
  class space    used 2997K, committed 3136K, reserved 1048576K
}
Event: 12.223 GC heap before
{Heap before GC invocations=10 (full 0):
 garbage-first heap   total 146432K, used 115962K [0x0000000084400000, 0x0000000100000000)
  region size 1024K, 76 young (77824K), 12 survivors (12288K)
 Metaspace       used 29373K, committed 29760K, reserved 1114112K
  class space    used 3189K, committed 3392K, reserved 1048576K
}
Event: 12.248 GC heap after
{Heap after GC invocations=11 (full 0):
 garbage-first heap   total 146432K, used 58495K [0x0000000084400000, 0x0000000100000000)
  region size 1024K, 7 young (7168K), 7 survivors (7168K)
 Metaspace       used 29373K, committed 29760K, reserved 1114112K
  class space    used 3189K, committed 3392K, reserved 1048576K
}

